18:46:11.580 [INFO] [org.gradle.launcher.daemon.server.Daemon] start() called on daemon - DefaultDaemonContext[uid=4e0e8849-6687-4f03-98e5-c54079cdfdaa,javaHome=/usr/lib/jvm/java-7-oracle,daemonRegistryDir=/home/leo/Documents/beavlion dev /Apps/CircularImageView/gradle/daemon,pid=11263,idleTimeout=60000,daemonOpts=-XX:MaxPermSize=256m,-XX:+HeapDumpOnOutOfMemoryError,-Xmx1024m,-Dfile.encoding=UTF-8]
18:46:11.601 [DEBUG] [org.gradle.launcher.daemon.server.DaemonStateCoordinator] updating lastActivityAt to 1393634771601
18:46:11.638 [DEBUG] [org.gradle.messaging.remote.internal.inet.InetAddressFactory] Adding IP addresses for network interface wlan0
18:46:11.646 [DEBUG] [org.gradle.messaging.remote.internal.inet.InetAddressFactory] Is this a loopback interface? false
18:46:11.648 [DEBUG] [org.gradle.messaging.remote.internal.inet.InetAddressFactory] Adding non-loopback address /fe80:0:0:0:217:c4ff:fec3:704f%3
18:46:11.649 [DEBUG] [org.gradle.messaging.remote.internal.inet.InetAddressFactory] Adding non-loopback address /192.168.1.69
18:46:11.651 [DEBUG] [org.gradle.messaging.remote.internal.inet.InetAddressFactory] Adding IP addresses for network interface lo
18:46:11.659 [DEBUG] [org.gradle.messaging.remote.internal.inet.InetAddressFactory] Is this a loopback interface? true
18:46:11.661 [DEBUG] [org.gradle.messaging.remote.internal.inet.InetAddressFactory] Adding loopback address /0:0:0:0:0:0:0:1%1
18:46:11.662 [DEBUG] [org.gradle.messaging.remote.internal.inet.InetAddressFactory] Adding loopback address /127.0.0.1
18:46:11.667 [DEBUG] [org.gradle.messaging.remote.internal.inet.TcpIncomingConnector] Listening on [086e6a9e-0925-46e0-8cbb-257b4b5aadeb port:51230, addresses:[/0:0:0:0:0:0:0:1%1, /127.0.0.1]].
18:46:11.673 [DEBUG] [org.gradle.launcher.daemon.server.Daemon] Daemon starting at: Fri Feb 28 18:46:11 CST 2014, with address: [086e6a9e-0925-46e0-8cbb-257b4b5aadeb port:51230, addresses:[/0:0:0:0:0:0:0:1%1, /127.0.0.1]]
18:46:11.681 [INFO] [org.gradle.launcher.daemon.server.DomainRegistryUpdater] Advertising the daemon address to the clients: [086e6a9e-0925-46e0-8cbb-257b4b5aadeb port:51230, addresses:[/0:0:0:0:0:0:0:1%1, /127.0.0.1]]
18:46:11.682 [DEBUG] [org.gradle.launcher.daemon.server.DomainRegistryUpdater] Advertised daemon context: DefaultDaemonContext[uid=4e0e8849-6687-4f03-98e5-c54079cdfdaa,javaHome=/usr/lib/jvm/java-7-oracle,daemonRegistryDir=/home/leo/Documents/beavlion dev /Apps/CircularImageView/gradle/daemon,pid=11263,idleTimeout=60000,daemonOpts=-XX:MaxPermSize=256m,-XX:+HeapDumpOnOutOfMemoryError,-Xmx1024m,-Dfile.encoding=UTF-8]
18:46:11.685 [DEBUG] [org.gradle.launcher.daemon.registry.PersistentDaemonRegistry] Storing daemon address: [086e6a9e-0925-46e0-8cbb-257b4b5aadeb port:51230, addresses:[/0:0:0:0:0:0:0:1%1, /127.0.0.1]], context: DefaultDaemonContext[uid=4e0e8849-6687-4f03-98e5-c54079cdfdaa,javaHome=/usr/lib/jvm/java-7-oracle,daemonRegistryDir=/home/leo/Documents/beavlion dev /Apps/CircularImageView/gradle/daemon,pid=11263,idleTimeout=60000,daemonOpts=-XX:MaxPermSize=256m,-XX:+HeapDumpOnOutOfMemoryError,-Xmx1024m,-Dfile.encoding=UTF-8]
18:46:11.707 [DEBUG] [org.gradle.cache.internal.DefaultFileLockManager] Waiting to acquire exclusive lock on daemon addresses registry.
18:46:11.714 [DEBUG] [org.gradle.cache.internal.DefaultFileLockManager] Lock acquired.
18:46:11.813 [DEBUG] [org.gradle.cache.internal.DefaultFileLockManager] Releasing lock on daemon addresses registry.
18:46:11.815 [LIFECYCLE] [org.gradle.launcher.daemon.bootstrap.DaemonMain] Daemon server started. Pid: 11263.
18:46:11.844 [DEBUG] [org.gradle.launcher.daemon.bootstrap.DaemonStartupCommunication] Completed writing the daemon greeting. Closing streams...
18:46:11.856 [DEBUG] [org.gradle.launcher.daemon.server.Daemon] requestStopOnIdleTimeout(60000 MILLISECONDS) called on daemon
18:46:11.857 [DEBUG] [org.gradle.launcher.daemon.server.DaemonStateCoordinator] waiting for daemon to stop or be idle for 60000ms
18:46:11.862 [DEBUG] [org.gradle.launcher.daemon.server.DaemonStateCoordinator] Daemon is idle, sleeping until state change or idle timeout at Fri Feb 28 18:47:11 CST 2014
18:46:11.866 [DEBUG] [org.gradle.messaging.remote.internal.inet.TcpIncomingConnector] Accepted connection from /127.0.0.1:33491 to /127.0.0.1:51230.
18:46:12.011 [DEBUG] [org.gradle.launcher.daemon.server.SynchronizedDispatchConnection] thread 14: received class org.gradle.launcher.daemon.protocol.Build
18:46:12.013 [DEBUG] [org.gradle.launcher.daemon.server.DefaultDaemonConnection] Received non-IO message from client: Build{id=bf0e506a-85a4-4f22-86ef-5184caf4e6e3.1, currentDir=/home/leo}
18:46:12.016 [INFO] [org.gradle.launcher.daemon.server.DefaultIncomingConnectionHandler] Received command: Build{id=bf0e506a-85a4-4f22-86ef-5184caf4e6e3.1, currentDir=/home/leo}.
18:46:12.017 [DEBUG] [org.gradle.launcher.daemon.server.DefaultIncomingConnectionHandler] Starting executing command: Build{id=bf0e506a-85a4-4f22-86ef-5184caf4e6e3.1, currentDir=/home/leo} with connection: socket connection at /127.0.0.1:51230 with /127.0.0.1:33491.
18:46:12.045 [DEBUG] [org.gradle.launcher.daemon.server.DaemonStateCoordinator] onStartCommand(DaemonCommandExecution[command = Build{id=bf0e506a-85a4-4f22-86ef-5184caf4e6e3.1, currentDir=/home/leo}, connection = org.gradle.launcher.daemon.server.DefaultDaemonConnection@2775a1]) called after 0.0 minutes of idle
18:46:12.046 [INFO] [org.gradle.launcher.daemon.server.DomainRegistryUpdater] Marking the daemon as busy, address: [086e6a9e-0925-46e0-8cbb-257b4b5aadeb port:51230, addresses:[/0:0:0:0:0:0:0:1%1, /127.0.0.1]]
18:46:12.047 [DEBUG] [org.gradle.launcher.daemon.registry.PersistentDaemonRegistry] Marking busy by address: [086e6a9e-0925-46e0-8cbb-257b4b5aadeb port:51230, addresses:[/0:0:0:0:0:0:0:1%1, /127.0.0.1]]
18:46:12.049 [DEBUG] [org.gradle.cache.internal.DefaultFileLockManager] Waiting to acquire exclusive lock on daemon addresses registry.
18:46:12.052 [DEBUG] [org.gradle.cache.internal.DefaultFileLockManager] Lock acquired.
18:46:12.059 [DEBUG] [org.gradle.cache.internal.DefaultFileLockManager] Releasing lock on daemon addresses registry.
18:46:12.063 [DEBUG] [org.gradle.launcher.daemon.server.DaemonStateCoordinator] updating lastActivityAt to 1393634772063
18:46:12.065 [DEBUG] [org.gradle.launcher.daemon.server.DaemonStateCoordinator] Daemon is busy, sleeping until state changes.
18:46:12.066 [INFO] [org.gradle.launcher.daemon.server.exec.StartBuildOrRespondWithBusy] Daemon is about to start building: Build{id=bf0e506a-85a4-4f22-86ef-5184caf4e6e3.1, currentDir=/home/leo}. Dispatching build started information...
18:46:12.068 [DEBUG] [org.gradle.launcher.daemon.server.SynchronizedDispatchConnection] thread 13: dispatching class org.gradle.launcher.daemon.protocol.BuildStarted
18:46:12.085 [DEBUG] [org.gradle.launcher.daemon.server.exec.EstablishBuildEnvironment] Configuring env variables: {MDMSESSION=default, GNOME_KEYRING_CONTROL=/run/user/leo/keyring-TKzya2, SSH_AGENT_PID=1996, LC_TELEPHONE=es_MX.UTF-8, XFILESEARCHPATH=/usr/dt/app-defaults/%L/Dt, SESSION_MANAGER=local/leon:@/tmp/.ICE-unix/1914,unix/leon:/tmp/.ICE-unix/1914, GNOME_DESKTOP_SESSION_ID=this-is-deprecated, LC_NUMERIC=es_MX.UTF-8, LC_NAME=es_MX.UTF-8, XDG_SESSION_COOKIE=85ea98458b81142e84e2e74450c40df3-1393623011.26353-734296513, MANDATORY_PATH=/usr/share/gconf/default.mandatory.path, XDG_DATA_DIRS=/usr/share/default:/usr/share/gnome:/usr/local/share/:/usr/share/:/usr/share/mdm/, PWD=/home/leo, GIO_LAUNCHED_DESKTOP_FILE=/home/leo/.local/share/applications/jetbrains-android-studio.desktop, MDM_XSERVER_LOCATION=local, LOGNAME=leo, LC_PAPER=es_MX.UTF-8, GIO_LAUNCHED_DESKTOP_FILE_PID=10350, LC_IDENTIFICATION=es_MX.UTF-8, GPG_AGENT_INFO=/run/user/leo/keyring-TKzya2/gpg:0:1, GJS_DEBUG_TOPICS=JS ERROR;JS LOG, SSH_AUTH_SOCK=/run/user/leo/keyring-TKzya2/ssh, NLSPATH=/usr/dt/lib/nls/msg/%L/%N.cat, LD_LIBRARY_PATH=/home/leo/Documentos/Android/android-studio/bin:, DBUS_SESSION_BUS_ADDRESS=unix:abstract=/tmp/dbus-ZLhcHYLXF3,guid=a180f4da1111b663c32196db5310ffe3, LC_ADDRESS=es_MX.UTF-8, SHELL=/bin/bash, GNOME_KEYRING_PID=1837, CLASSPATH=/home/leo/Documentos/Android/android-studio/bin/../lib/bootstrap.jar:/home/leo/Documentos/Android/android-studio/bin/../lib/extensions.jar:/home/leo/Documentos/Android/android-studio/bin/../lib/util.jar:/home/leo/Documentos/Android/android-studio/bin/../lib/jdom.jar:/home/leo/Documentos/Android/android-studio/bin/../lib/log4j.jar:/home/leo/Documentos/Android/android-studio/bin/../lib/trove4j.jar:/home/leo/Documentos/Android/android-studio/bin/../lib/jna.jar:/usr/lib/jvm/java-7-oracle/lib/tools.jar, PATH=/usr/local/sbin:/usr/local/bin:/usr/sbin:/usr/bin:/sbin:/bin:/usr/games:/usr/local/games, XDG_CURRENT_DESKTOP=GNOME, XDG_CONFIG_DIRS=/etc/xdg/xdg-default:/etc/xdg, DESKTOP_SESSION=default, DISPLAY=:0, LC_MONETARY=es_MX.UTF-8, USER=leo, GJS_DEBUG_OUTPUT=stderr, HOME=/home/leo, XAUTHORITY=/home/leo/.Xauthority, WINDOWPATH=8, DEFAULTS_PATH=/usr/share/gconf/default.default.path, MDM_LANG=en_US.UTF-8, USERNAME=leo, LC_TIME=es_MX.UTF-8, LC_MEASUREMENT=es_MX.UTF-8, XDG_RUNTIME_DIR=/run/user/leo, LANG=en_US.UTF-8}
18:46:12.094 [DEBUG] [org.gradle.launcher.daemon.server.SynchronizedDispatchConnection] thread 14: received class org.gradle.launcher.daemon.protocol.CloseInput
18:46:12.095 [DEBUG] [org.gradle.launcher.daemon.server.DefaultDaemonConnection] Received IO message from client: CloseInput[id=bf0e506a-85a4-4f22-86ef-5184caf4e6e3.2]
18:46:12.132 [INFO] [org.gradle.launcher.daemon.server.exec.LogToClient] About to start relaying all logs to the client via the connection.
18:46:12.133 [INFO] [org.gradle.launcher.daemon.server.exec.LogToClient] The client will now receive all logging from the daemon (pid: 11263). The daemon log file: /home/leo/Documents/beavlion dev /Apps/CircularImageView/gradle/daemon/1.10/daemon-11263.out.log
18:46:12.159 [INFO] [org.gradle.launcher.daemon.server.exec.ForwardClientInput] Closing daemon's stdin at end of input.
18:46:12.161 [INFO] [org.gradle.launcher.daemon.server.exec.ForwardClientInput] The daemon will no longer process any standard input.
18:46:12.171 [INFO] [org.gradle.launcher.daemon.server.exec.ExecuteBuild] Executing build with daemon context: DefaultDaemonContext[uid=4e0e8849-6687-4f03-98e5-c54079cdfdaa,javaHome=/usr/lib/jvm/java-7-oracle,daemonRegistryDir=/home/leo/Documents/beavlion dev /Apps/CircularImageView/gradle/daemon,pid=11263,idleTimeout=60000,daemonOpts=-XX:MaxPermSize=256m,-XX:+HeapDumpOnOutOfMemoryError,-Xmx1024m,-Dfile.encoding=UTF-8]

FAILURE: Build failed with an exception.

* Where:
Script 'https://raw.github.com/chrisbanes/gradle-mvn-push/master/gradle-mvn-push.gradle' line: 48

* What went wrong:
A problem occurred configuring root project 'CircularImageView'.
> No such property: GROUP for class: org.gradle.api.publication.maven.internal.ant.DefaultGroovyMavenDeployer

* Try:
Run with --stacktrace option to get the stack trace. Run with --info or --debug option to get more log output.

BUILD FAILED

Total time: 19.994 secs
18:46:29.313 [DEBUG] [org.gradle.launcher.daemon.server.exec.ExecuteBuild] The daemon has finished executing the build.
18:46:29.314 [DEBUG] [org.gradle.launcher.daemon.server.exec.ReturnResult] Daemon is dispatching the build result: DaemonCommandResult[type=CommandFailure, value=org.gradle.launcher.exec.ReportedException: org.gradle.internal.exceptions.LocationAwareException: Script 'https://raw.github.com/chrisbanes/gradle-mvn-push/master/gradle-mvn-push.gradle' line: 48
A problem occurred configuring root project 'CircularImageView'.]
18:46:29.320 [DEBUG] [org.gradle.launcher.daemon.server.SynchronizedDispatchConnection] thread 13: dispatching class org.gradle.launcher.daemon.protocol.CommandFailure
18:46:29.598 [DEBUG] [org.gradle.launcher.daemon.server.DaemonStateCoordinator] onFinishCommand() called while execution = DaemonCommandExecution[command = Build{id=bf0e506a-85a4-4f22-86ef-5184caf4e6e3.1, currentDir=/home/leo}, connection = org.gradle.launcher.daemon.server.DefaultDaemonConnection@2775a1]
18:46:29.606 [DEBUG] [org.gradle.launcher.daemon.server.DaemonStateCoordinator] updating lastActivityAt to 1393634789606
18:46:29.609 [INFO] [org.gradle.launcher.daemon.server.DomainRegistryUpdater] Marking the daemon as idle, address: [086e6a9e-0925-46e0-8cbb-257b4b5aadeb port:51230, addresses:[/0:0:0:0:0:0:0:1%1, /127.0.0.1]]
18:46:29.611 [DEBUG] [org.gradle.launcher.daemon.registry.PersistentDaemonRegistry] Marking idle by address: [086e6a9e-0925-46e0-8cbb-257b4b5aadeb port:51230, addresses:[/0:0:0:0:0:0:0:1%1, /127.0.0.1]]
18:46:29.637 [DEBUG] [org.gradle.cache.internal.DefaultFileLockManager] Waiting to acquire exclusive lock on daemon addresses registry.
18:46:29.641 [DEBUG] [org.gradle.cache.internal.DefaultFileLockManager] Lock acquired.
18:46:29.664 [DEBUG] [org.gradle.cache.internal.DefaultFileLockManager] Releasing lock on daemon addresses registry.
18:46:29.687 [DEBUG] [org.gradle.launcher.daemon.server.DaemonStateCoordinator] Daemon is idle, sleeping until state change or idle timeout at Fri Feb 28 18:47:29 CST 2014
18:46:30.968 [DEBUG] [org.gradle.launcher.daemon.server.DefaultIncomingConnectionHandler] Finishing executing command: Build{id=bf0e506a-85a4-4f22-86ef-5184caf4e6e3.1, currentDir=/home/leo}
18:46:30.972 [DEBUG] [org.gradle.launcher.daemon.server.SynchronizedDispatchConnection] thread 14: received class org.gradle.launcher.daemon.protocol.Finished
18:46:30.975 [DEBUG] [org.gradle.launcher.daemon.server.DefaultDaemonConnection] Received non-IO message from client: org.gradle.launcher.daemon.protocol.Finished@ce7760
18:46:30.977 [DEBUG] [org.gradle.launcher.daemon.server.SynchronizedDispatchConnection] thread 14: received null
18:46:30.978 [DEBUG] [org.gradle.launcher.daemon.server.DefaultIncomingConnectionHandler] Received finished message: org.gradle.launcher.daemon.protocol.Finished@ce7760
18:46:30.979 [DEBUG] [org.gradle.launcher.daemon.server.SynchronizedDispatchConnection] thread 13: stopping connection
18:46:30.978 [DEBUG] [org.gradle.launcher.daemon.server.DefaultDaemonConnection] Received end-of-input from client.
18:46:30.994 [DEBUG] [org.gradle.launcher.daemon.server.SynchronizedDispatchConnection] thread 13: stopping connection
18:46:48.424 [DEBUG] [org.gradle.messaging.remote.internal.inet.TcpIncomingConnector] Accepted connection from /127.0.0.1:33496 to /127.0.0.1:51230.
18:46:48.506 [DEBUG] [org.gradle.launcher.daemon.server.SynchronizedDispatchConnection] thread 20: received class org.gradle.launcher.daemon.protocol.Build
18:46:48.506 [DEBUG] [org.gradle.launcher.daemon.server.DefaultDaemonConnection] Received non-IO message from client: Build{id=3440ea2c-2d49-403a-8d45-22c1d5f4029d.1, currentDir=/home/leo}
18:46:48.507 [INFO] [org.gradle.launcher.daemon.server.DefaultIncomingConnectionHandler] Received command: Build{id=3440ea2c-2d49-403a-8d45-22c1d5f4029d.1, currentDir=/home/leo}.
18:46:48.508 [DEBUG] [org.gradle.launcher.daemon.server.DefaultIncomingConnectionHandler] Starting executing command: Build{id=3440ea2c-2d49-403a-8d45-22c1d5f4029d.1, currentDir=/home/leo} with connection: socket connection at /127.0.0.1:51230 with /127.0.0.1:33496.
18:46:48.509 [DEBUG] [org.gradle.launcher.daemon.server.DaemonStateCoordinator] onStartCommand(DaemonCommandExecution[command = Build{id=3440ea2c-2d49-403a-8d45-22c1d5f4029d.1, currentDir=/home/leo}, connection = org.gradle.launcher.daemon.server.DefaultDaemonConnection@18d1e5f]) called after 0.0 minutes of idle
18:46:48.510 [INFO] [org.gradle.launcher.daemon.server.DomainRegistryUpdater] Marking the daemon as busy, address: [086e6a9e-0925-46e0-8cbb-257b4b5aadeb port:51230, addresses:[/0:0:0:0:0:0:0:1%1, /127.0.0.1]]
18:46:48.512 [DEBUG] [org.gradle.launcher.daemon.registry.PersistentDaemonRegistry] Marking busy by address: [086e6a9e-0925-46e0-8cbb-257b4b5aadeb port:51230, addresses:[/0:0:0:0:0:0:0:1%1, /127.0.0.1]]
18:46:48.513 [DEBUG] [org.gradle.cache.internal.DefaultFileLockManager] Waiting to acquire exclusive lock on daemon addresses registry.
18:46:48.514 [DEBUG] [org.gradle.cache.internal.DefaultFileLockManager] Lock acquired.
18:46:48.521 [DEBUG] [org.gradle.cache.internal.DefaultFileLockManager] Releasing lock on daemon addresses registry.
18:46:48.522 [DEBUG] [org.gradle.launcher.daemon.server.DaemonStateCoordinator] updating lastActivityAt to 1393634808522
18:46:48.523 [DEBUG] [org.gradle.launcher.daemon.server.DaemonStateCoordinator] Daemon is busy, sleeping until state changes.
18:46:48.524 [INFO] [org.gradle.launcher.daemon.server.exec.StartBuildOrRespondWithBusy] Daemon is about to start building: Build{id=3440ea2c-2d49-403a-8d45-22c1d5f4029d.1, currentDir=/home/leo}. Dispatching build started information...
18:46:48.525 [DEBUG] [org.gradle.launcher.daemon.server.SynchronizedDispatchConnection] thread 13: dispatching class org.gradle.launcher.daemon.protocol.BuildStarted
18:46:48.528 [DEBUG] [org.gradle.launcher.daemon.server.exec.EstablishBuildEnvironment] Configuring env variables: {MDMSESSION=default, GNOME_KEYRING_CONTROL=/run/user/leo/keyring-TKzya2, SSH_AGENT_PID=1996, LC_TELEPHONE=es_MX.UTF-8, XFILESEARCHPATH=/usr/dt/app-defaults/%L/Dt, SESSION_MANAGER=local/leon:@/tmp/.ICE-unix/1914,unix/leon:/tmp/.ICE-unix/1914, GNOME_DESKTOP_SESSION_ID=this-is-deprecated, LC_NUMERIC=es_MX.UTF-8, LC_NAME=es_MX.UTF-8, XDG_SESSION_COOKIE=85ea98458b81142e84e2e74450c40df3-1393623011.26353-734296513, MANDATORY_PATH=/usr/share/gconf/default.mandatory.path, XDG_DATA_DIRS=/usr/share/default:/usr/share/gnome:/usr/local/share/:/usr/share/:/usr/share/mdm/, PWD=/home/leo, GIO_LAUNCHED_DESKTOP_FILE=/home/leo/.local/share/applications/jetbrains-android-studio.desktop, MDM_XSERVER_LOCATION=local, LOGNAME=leo, LC_PAPER=es_MX.UTF-8, GIO_LAUNCHED_DESKTOP_FILE_PID=10350, LC_IDENTIFICATION=es_MX.UTF-8, GPG_AGENT_INFO=/run/user/leo/keyring-TKzya2/gpg:0:1, GJS_DEBUG_TOPICS=JS ERROR;JS LOG, SSH_AUTH_SOCK=/run/user/leo/keyring-TKzya2/ssh, NLSPATH=/usr/dt/lib/nls/msg/%L/%N.cat, LD_LIBRARY_PATH=/home/leo/Documentos/Android/android-studio/bin:, DBUS_SESSION_BUS_ADDRESS=unix:abstract=/tmp/dbus-ZLhcHYLXF3,guid=a180f4da1111b663c32196db5310ffe3, LC_ADDRESS=es_MX.UTF-8, SHELL=/bin/bash, GNOME_KEYRING_PID=1837, CLASSPATH=/home/leo/Documentos/Android/android-studio/bin/../lib/bootstrap.jar:/home/leo/Documentos/Android/android-studio/bin/../lib/extensions.jar:/home/leo/Documentos/Android/android-studio/bin/../lib/util.jar:/home/leo/Documentos/Android/android-studio/bin/../lib/jdom.jar:/home/leo/Documentos/Android/android-studio/bin/../lib/log4j.jar:/home/leo/Documentos/Android/android-studio/bin/../lib/trove4j.jar:/home/leo/Documentos/Android/android-studio/bin/../lib/jna.jar:/usr/lib/jvm/java-7-oracle/lib/tools.jar, PATH=/usr/local/sbin:/usr/local/bin:/usr/sbin:/usr/bin:/sbin:/bin:/usr/games:/usr/local/games, XDG_CURRENT_DESKTOP=GNOME, XDG_CONFIG_DIRS=/etc/xdg/xdg-default:/etc/xdg, DESKTOP_SESSION=default, DISPLAY=:0, LC_MONETARY=es_MX.UTF-8, USER=leo, GJS_DEBUG_OUTPUT=stderr, HOME=/home/leo, XAUTHORITY=/home/leo/.Xauthority, WINDOWPATH=8, DEFAULTS_PATH=/usr/share/gconf/default.default.path, MDM_LANG=en_US.UTF-8, USERNAME=leo, LC_TIME=es_MX.UTF-8, LC_MEASUREMENT=es_MX.UTF-8, XDG_RUNTIME_DIR=/run/user/leo, LANG=en_US.UTF-8}
18:46:48.531 [INFO] [org.gradle.launcher.daemon.server.exec.LogToClient] About to start relaying all logs to the client via the connection.
18:46:48.533 [INFO] [org.gradle.launcher.daemon.server.exec.LogToClient] The client will now receive all logging from the daemon (pid: 11263). The daemon log file: /home/leo/Documents/beavlion dev /Apps/CircularImageView/gradle/daemon/1.10/daemon-11263.out.log
18:46:48.534 [INFO] [org.gradle.launcher.daemon.server.exec.ExecuteBuild] Executing build with daemon context: DefaultDaemonContext[uid=4e0e8849-6687-4f03-98e5-c54079cdfdaa,javaHome=/usr/lib/jvm/java-7-oracle,daemonRegistryDir=/home/leo/Documents/beavlion dev /Apps/CircularImageView/gradle/daemon,pid=11263,idleTimeout=60000,daemonOpts=-XX:MaxPermSize=256m,-XX:+HeapDumpOnOutOfMemoryError,-Xmx1024m,-Dfile.encoding=UTF-8]
18:46:48.540 [DEBUG] [org.gradle.launcher.daemon.server.SynchronizedDispatchConnection] thread 20: received class org.gradle.launcher.daemon.protocol.CloseInput
18:46:48.541 [DEBUG] [org.gradle.launcher.daemon.server.DefaultDaemonConnection] Received IO message from client: CloseInput[id=3440ea2c-2d49-403a-8d45-22c1d5f4029d.2]
18:46:48.542 [INFO] [org.gradle.launcher.daemon.server.exec.ForwardClientInput] Closing daemon's stdin at end of input.
18:46:48.544 [INFO] [org.gradle.launcher.daemon.server.exec.ForwardClientInput] The daemon will no longer process any standard input.
18:46:48.616 [INFO] [org.gradle.tooling.internal.provider.DefaultPayloadClassLoaderRegistry] Creating ClassLoader e1526667-5b0b-47b2-81d4-1a1c87035da0 from org.gradle.internal.classloader.MutableURLClassLoader$Spec@c1b87d1a and [org.gradle.internal.classloader.FilteringClassLoader@18acca4].

FAILURE: Build failed with an exception.

* Where:
Script 'https://raw.github.com/chrisbanes/gradle-mvn-push/master/gradle-mvn-push.gradle' line: 48

* What went wrong:
A problem occurred configuring root project 'CircularImageView'.
> No such property: GROUP for class: org.gradle.api.publication.maven.internal.ant.DefaultGroovyMavenDeployer

* Try:
Run with --stacktrace option to get the stack trace. Run with --info or --debug option to get more log output.

BUILD FAILED

Total time: 15.698 secs
18:47:04.061 [DEBUG] [org.gradle.launcher.daemon.server.exec.ExecuteBuild] The daemon has finished executing the build.
18:47:04.062 [DEBUG] [org.gradle.launcher.daemon.server.exec.ReturnResult] Daemon is dispatching the build result: DaemonCommandResult[type=CommandFailure, value=org.gradle.launcher.exec.ReportedException: org.gradle.internal.exceptions.LocationAwareException: Script 'https://raw.github.com/chrisbanes/gradle-mvn-push/master/gradle-mvn-push.gradle' line: 48
A problem occurred configuring root project 'CircularImageView'.]
18:47:04.062 [DEBUG] [org.gradle.launcher.daemon.server.SynchronizedDispatchConnection] thread 13: dispatching class org.gradle.launcher.daemon.protocol.CommandFailure
18:47:04.163 [DEBUG] [org.gradle.launcher.daemon.server.DaemonStateCoordinator] onFinishCommand() called while execution = DaemonCommandExecution[command = Build{id=3440ea2c-2d49-403a-8d45-22c1d5f4029d.1, currentDir=/home/leo}, connection = org.gradle.launcher.daemon.server.DefaultDaemonConnection@18d1e5f]
18:47:04.164 [DEBUG] [org.gradle.launcher.daemon.server.DaemonStateCoordinator] updating lastActivityAt to 1393634824164
18:47:04.165 [INFO] [org.gradle.launcher.daemon.server.DomainRegistryUpdater] Marking the daemon as idle, address: [086e6a9e-0925-46e0-8cbb-257b4b5aadeb port:51230, addresses:[/0:0:0:0:0:0:0:1%1, /127.0.0.1]]
18:47:04.172 [DEBUG] [org.gradle.launcher.daemon.registry.PersistentDaemonRegistry] Marking idle by address: [086e6a9e-0925-46e0-8cbb-257b4b5aadeb port:51230, addresses:[/0:0:0:0:0:0:0:1%1, /127.0.0.1]]
18:47:04.173 [DEBUG] [org.gradle.cache.internal.DefaultFileLockManager] Waiting to acquire exclusive lock on daemon addresses registry.
18:47:04.174 [DEBUG] [org.gradle.cache.internal.DefaultFileLockManager] Lock acquired.
18:47:04.180 [DEBUG] [org.gradle.cache.internal.DefaultFileLockManager] Releasing lock on daemon addresses registry.
18:47:04.181 [DEBUG] [org.gradle.launcher.daemon.server.DaemonStateCoordinator] Daemon is idle, sleeping until state change or idle timeout at Fri Feb 28 18:48:04 CST 2014
18:47:04.181 [DEBUG] [org.gradle.launcher.daemon.server.DefaultIncomingConnectionHandler] Finishing executing command: Build{id=3440ea2c-2d49-403a-8d45-22c1d5f4029d.1, currentDir=/home/leo}
18:47:04.213 [DEBUG] [org.gradle.launcher.daemon.server.SynchronizedDispatchConnection] thread 20: received class org.gradle.launcher.daemon.protocol.Finished
18:47:04.214 [DEBUG] [org.gradle.launcher.daemon.server.DefaultDaemonConnection] Received non-IO message from client: org.gradle.launcher.daemon.protocol.Finished@283451
18:47:04.215 [DEBUG] [org.gradle.launcher.daemon.server.SynchronizedDispatchConnection] thread 20: received null
18:47:04.215 [DEBUG] [org.gradle.launcher.daemon.server.DefaultIncomingConnectionHandler] Received finished message: org.gradle.launcher.daemon.protocol.Finished@283451
18:47:04.217 [DEBUG] [org.gradle.launcher.daemon.server.SynchronizedDispatchConnection] thread 13: stopping connection
18:47:04.219 [DEBUG] [org.gradle.launcher.daemon.server.DefaultDaemonConnection] Received end-of-input from client.
18:47:04.220 [DEBUG] [org.gradle.launcher.daemon.server.SynchronizedDispatchConnection] thread 13: stopping connection
18:48:04.165 [DEBUG] [org.gradle.launcher.daemon.server.DaemonStateCoordinator] Daemon has been idle for requested period.
18:48:04.165 [DEBUG] [org.gradle.launcher.daemon.server.DaemonStateCoordinator] Stop requested. The daemon is running a build: false
18:48:04.166 [INFO] [org.gradle.launcher.daemon.bootstrap.DaemonMain] Daemon hit idle timeout (60000ms), stopping...
18:48:04.167 [DEBUG] [org.gradle.launcher.daemon.server.Daemon] stop() called on daemon
18:48:04.170 [INFO] [org.gradle.launcher.daemon.server.Daemon] Stop requested. Daemon is removing its presence from the registry...
18:48:04.170 [DEBUG] [org.gradle.launcher.daemon.server.DaemonStateCoordinator] Stop requested. The daemon is running a build: false
18:48:04.176 [DEBUG] [org.gradle.launcher.daemon.server.DomainRegistryUpdater] Removing our presence to clients, eg. removing this address from the registry: [086e6a9e-0925-46e0-8cbb-257b4b5aadeb port:51230, addresses:[/0:0:0:0:0:0:0:1%1, /127.0.0.1]]
18:48:04.177 [DEBUG] [org.gradle.launcher.daemon.registry.PersistentDaemonRegistry] Removing daemon address: [086e6a9e-0925-46e0-8cbb-257b4b5aadeb port:51230, addresses:[/0:0:0:0:0:0:0:1%1, /127.0.0.1]]
18:48:04.179 [DEBUG] [org.gradle.cache.internal.DefaultFileLockManager] Waiting to acquire exclusive lock on daemon addresses registry.
18:48:04.180 [DEBUG] [org.gradle.cache.internal.DefaultFileLockManager] Lock acquired.
18:48:04.185 [DEBUG] [org.gradle.cache.internal.DefaultFileLockManager] Releasing lock on daemon addresses registry.
18:48:04.186 [DEBUG] [org.gradle.launcher.daemon.server.DomainRegistryUpdater] Address removed from registry.
Daemon vm is shutting down... The daemon has exited normally or was terminated in response to a user interrupt.
18:48:04.190 [DEBUG] [org.gradle.launcher.daemon.registry.PersistentDaemonRegistry] Removing daemon address: [086e6a9e-0925-46e0-8cbb-257b4b5aadeb port:51230, addresses:[/0:0:0:0:0:0:0:1%1, /127.0.0.1]]
18:48:04.191 [DEBUG] [org.gradle.cache.internal.DefaultFileLockManager] Waiting to acquire exclusive lock on daemon addresses registry.
18:48:04.192 [DEBUG] [org.gradle.cache.internal.DefaultFileLockManager] Lock acquired.
18:48:04.194 [INFO] [org.gradle.launcher.daemon.bootstrap.DaemonMain] Daemon[pid = 11263] process has finished.
18:48:04.575 [DEBUG] [org.gradle.cache.internal.DefaultFileLockManager] Releasing lock on daemon addresses registry.
