18:40:23.640 [INFO] [org.gradle.launcher.daemon.server.Daemon] start() called on daemon - DefaultDaemonContext[uid=cde2e46d-d4d4-4a65-a9be-0fb4fc647caf,javaHome=/usr/lib/jvm/java-7-oracle,daemonRegistryDir=/home/leo/Documents/beavlion dev /Apps/CircularImageView/gradle/daemon,pid=10969,idleTimeout=60000,daemonOpts=-XX:MaxPermSize=256m,-XX:+HeapDumpOnOutOfMemoryError,-Xmx1024m,-Dfile.encoding=UTF-8]
18:40:23.671 [DEBUG] [org.gradle.launcher.daemon.server.DaemonStateCoordinator] updating lastActivityAt to 1393634423671
18:40:23.707 [DEBUG] [org.gradle.messaging.remote.internal.inet.InetAddressFactory] Adding IP addresses for network interface wlan0
18:40:23.709 [DEBUG] [org.gradle.messaging.remote.internal.inet.InetAddressFactory] Is this a loopback interface? false
18:40:23.710 [DEBUG] [org.gradle.messaging.remote.internal.inet.InetAddressFactory] Adding non-loopback address /fe80:0:0:0:217:c4ff:fec3:704f%3
18:40:23.712 [DEBUG] [org.gradle.messaging.remote.internal.inet.InetAddressFactory] Adding non-loopback address /192.168.1.69
18:40:23.713 [DEBUG] [org.gradle.messaging.remote.internal.inet.InetAddressFactory] Adding IP addresses for network interface lo
18:40:23.715 [DEBUG] [org.gradle.messaging.remote.internal.inet.InetAddressFactory] Is this a loopback interface? true
18:40:23.717 [DEBUG] [org.gradle.messaging.remote.internal.inet.InetAddressFactory] Adding loopback address /0:0:0:0:0:0:0:1%1
18:40:23.719 [DEBUG] [org.gradle.messaging.remote.internal.inet.InetAddressFactory] Adding loopback address /127.0.0.1
18:40:23.721 [DEBUG] [org.gradle.messaging.remote.internal.inet.TcpIncomingConnector] Listening on [6c9d38ff-1595-4ccb-a7fa-4bb8a740ea54 port:52696, addresses:[/0:0:0:0:0:0:0:1%1, /127.0.0.1]].
18:40:23.728 [DEBUG] [org.gradle.launcher.daemon.server.Daemon] Daemon starting at: Fri Feb 28 18:40:23 CST 2014, with address: [6c9d38ff-1595-4ccb-a7fa-4bb8a740ea54 port:52696, addresses:[/0:0:0:0:0:0:0:1%1, /127.0.0.1]]
18:40:23.730 [INFO] [org.gradle.launcher.daemon.server.DomainRegistryUpdater] Advertising the daemon address to the clients: [6c9d38ff-1595-4ccb-a7fa-4bb8a740ea54 port:52696, addresses:[/0:0:0:0:0:0:0:1%1, /127.0.0.1]]
18:40:23.736 [DEBUG] [org.gradle.launcher.daemon.server.DomainRegistryUpdater] Advertised daemon context: DefaultDaemonContext[uid=cde2e46d-d4d4-4a65-a9be-0fb4fc647caf,javaHome=/usr/lib/jvm/java-7-oracle,daemonRegistryDir=/home/leo/Documents/beavlion dev /Apps/CircularImageView/gradle/daemon,pid=10969,idleTimeout=60000,daemonOpts=-XX:MaxPermSize=256m,-XX:+HeapDumpOnOutOfMemoryError,-Xmx1024m,-Dfile.encoding=UTF-8]
18:40:23.742 [DEBUG] [org.gradle.launcher.daemon.registry.PersistentDaemonRegistry] Storing daemon address: [6c9d38ff-1595-4ccb-a7fa-4bb8a740ea54 port:52696, addresses:[/0:0:0:0:0:0:0:1%1, /127.0.0.1]], context: DefaultDaemonContext[uid=cde2e46d-d4d4-4a65-a9be-0fb4fc647caf,javaHome=/usr/lib/jvm/java-7-oracle,daemonRegistryDir=/home/leo/Documents/beavlion dev /Apps/CircularImageView/gradle/daemon,pid=10969,idleTimeout=60000,daemonOpts=-XX:MaxPermSize=256m,-XX:+HeapDumpOnOutOfMemoryError,-Xmx1024m,-Dfile.encoding=UTF-8]
18:40:23.786 [DEBUG] [org.gradle.cache.internal.DefaultFileLockManager] Waiting to acquire exclusive lock on daemon addresses registry.
18:40:23.796 [DEBUG] [org.gradle.cache.internal.DefaultFileLockManager] Lock acquired.
18:40:23.936 [DEBUG] [org.gradle.cache.internal.DefaultFileLockManager] Releasing lock on daemon addresses registry.
18:40:23.942 [LIFECYCLE] [org.gradle.launcher.daemon.bootstrap.DaemonMain] Daemon server started. Pid: 10969.
18:40:23.974 [DEBUG] [org.gradle.launcher.daemon.bootstrap.DaemonStartupCommunication] Completed writing the daemon greeting. Closing streams...
18:40:23.980 [DEBUG] [org.gradle.launcher.daemon.server.Daemon] requestStopOnIdleTimeout(60000 MILLISECONDS) called on daemon
18:40:23.980 [DEBUG] [org.gradle.launcher.daemon.server.DaemonStateCoordinator] waiting for daemon to stop or be idle for 60000ms
18:40:24.017 [DEBUG] [org.gradle.messaging.remote.internal.inet.TcpIncomingConnector] Accepted connection from /127.0.0.1:40909 to /127.0.0.1:52696.
18:40:24.029 [DEBUG] [org.gradle.launcher.daemon.server.DaemonStateCoordinator] Daemon is idle, sleeping until state change or idle timeout at Fri Feb 28 18:41:23 CST 2014
18:40:24.190 [DEBUG] [org.gradle.launcher.daemon.server.SynchronizedDispatchConnection] thread 14: received class org.gradle.launcher.daemon.protocol.Build
18:40:24.192 [DEBUG] [org.gradle.launcher.daemon.server.DefaultDaemonConnection] Received non-IO message from client: Build{id=f746a9cb-292b-4707-82e3-0f78e9c0d10c.1, currentDir=/home/leo}
18:40:24.193 [INFO] [org.gradle.launcher.daemon.server.DefaultIncomingConnectionHandler] Received command: Build{id=f746a9cb-292b-4707-82e3-0f78e9c0d10c.1, currentDir=/home/leo}.
18:40:24.194 [DEBUG] [org.gradle.launcher.daemon.server.DefaultIncomingConnectionHandler] Starting executing command: Build{id=f746a9cb-292b-4707-82e3-0f78e9c0d10c.1, currentDir=/home/leo} with connection: socket connection at /127.0.0.1:52696 with /127.0.0.1:40909.
18:40:24.219 [DEBUG] [org.gradle.launcher.daemon.server.DaemonStateCoordinator] onStartCommand(DaemonCommandExecution[command = Build{id=f746a9cb-292b-4707-82e3-0f78e9c0d10c.1, currentDir=/home/leo}, connection = org.gradle.launcher.daemon.server.DefaultDaemonConnection@1227e59]) called after 0.0 minutes of idle
18:40:24.220 [INFO] [org.gradle.launcher.daemon.server.DomainRegistryUpdater] Marking the daemon as busy, address: [6c9d38ff-1595-4ccb-a7fa-4bb8a740ea54 port:52696, addresses:[/0:0:0:0:0:0:0:1%1, /127.0.0.1]]
18:40:24.221 [DEBUG] [org.gradle.launcher.daemon.registry.PersistentDaemonRegistry] Marking busy by address: [6c9d38ff-1595-4ccb-a7fa-4bb8a740ea54 port:52696, addresses:[/0:0:0:0:0:0:0:1%1, /127.0.0.1]]
18:40:24.238 [DEBUG] [org.gradle.cache.internal.DefaultFileLockManager] Waiting to acquire exclusive lock on daemon addresses registry.
18:40:24.243 [DEBUG] [org.gradle.cache.internal.DefaultFileLockManager] Lock acquired.
18:40:24.253 [DEBUG] [org.gradle.cache.internal.DefaultFileLockManager] Releasing lock on daemon addresses registry.
18:40:24.262 [DEBUG] [org.gradle.launcher.daemon.server.DaemonStateCoordinator] updating lastActivityAt to 1393634424262
18:40:24.263 [DEBUG] [org.gradle.launcher.daemon.server.DaemonStateCoordinator] Daemon is busy, sleeping until state changes.
18:40:24.264 [INFO] [org.gradle.launcher.daemon.server.exec.StartBuildOrRespondWithBusy] Daemon is about to start building: Build{id=f746a9cb-292b-4707-82e3-0f78e9c0d10c.1, currentDir=/home/leo}. Dispatching build started information...
18:40:24.266 [DEBUG] [org.gradle.launcher.daemon.server.SynchronizedDispatchConnection] thread 13: dispatching class org.gradle.launcher.daemon.protocol.BuildStarted
18:40:24.276 [DEBUG] [org.gradle.launcher.daemon.server.exec.EstablishBuildEnvironment] Configuring env variables: {MDMSESSION=default, GNOME_KEYRING_CONTROL=/run/user/leo/keyring-TKzya2, SSH_AGENT_PID=1996, LC_TELEPHONE=es_MX.UTF-8, XFILESEARCHPATH=/usr/dt/app-defaults/%L/Dt, SESSION_MANAGER=local/leon:@/tmp/.ICE-unix/1914,unix/leon:/tmp/.ICE-unix/1914, GNOME_DESKTOP_SESSION_ID=this-is-deprecated, LC_NUMERIC=es_MX.UTF-8, LC_NAME=es_MX.UTF-8, XDG_SESSION_COOKIE=85ea98458b81142e84e2e74450c40df3-1393623011.26353-734296513, MANDATORY_PATH=/usr/share/gconf/default.mandatory.path, XDG_DATA_DIRS=/usr/share/default:/usr/share/gnome:/usr/local/share/:/usr/share/:/usr/share/mdm/, PWD=/home/leo, GIO_LAUNCHED_DESKTOP_FILE=/home/leo/.local/share/applications/jetbrains-android-studio.desktop, MDM_XSERVER_LOCATION=local, LOGNAME=leo, LC_PAPER=es_MX.UTF-8, GIO_LAUNCHED_DESKTOP_FILE_PID=10350, LC_IDENTIFICATION=es_MX.UTF-8, GPG_AGENT_INFO=/run/user/leo/keyring-TKzya2/gpg:0:1, GJS_DEBUG_TOPICS=JS ERROR;JS LOG, SSH_AUTH_SOCK=/run/user/leo/keyring-TKzya2/ssh, NLSPATH=/usr/dt/lib/nls/msg/%L/%N.cat, LD_LIBRARY_PATH=/home/leo/Documentos/Android/android-studio/bin:, DBUS_SESSION_BUS_ADDRESS=unix:abstract=/tmp/dbus-ZLhcHYLXF3,guid=a180f4da1111b663c32196db5310ffe3, LC_ADDRESS=es_MX.UTF-8, SHELL=/bin/bash, GNOME_KEYRING_PID=1837, CLASSPATH=/home/leo/Documentos/Android/android-studio/bin/../lib/bootstrap.jar:/home/leo/Documentos/Android/android-studio/bin/../lib/extensions.jar:/home/leo/Documentos/Android/android-studio/bin/../lib/util.jar:/home/leo/Documentos/Android/android-studio/bin/../lib/jdom.jar:/home/leo/Documentos/Android/android-studio/bin/../lib/log4j.jar:/home/leo/Documentos/Android/android-studio/bin/../lib/trove4j.jar:/home/leo/Documentos/Android/android-studio/bin/../lib/jna.jar:/usr/lib/jvm/java-7-oracle/lib/tools.jar, PATH=/usr/local/sbin:/usr/local/bin:/usr/sbin:/usr/bin:/sbin:/bin:/usr/games:/usr/local/games, XDG_CURRENT_DESKTOP=GNOME, XDG_CONFIG_DIRS=/etc/xdg/xdg-default:/etc/xdg, DESKTOP_SESSION=default, DISPLAY=:0, LC_MONETARY=es_MX.UTF-8, USER=leo, GJS_DEBUG_OUTPUT=stderr, HOME=/home/leo, XAUTHORITY=/home/leo/.Xauthority, WINDOWPATH=8, DEFAULTS_PATH=/usr/share/gconf/default.default.path, MDM_LANG=en_US.UTF-8, USERNAME=leo, LC_TIME=es_MX.UTF-8, LC_MEASUREMENT=es_MX.UTF-8, XDG_RUNTIME_DIR=/run/user/leo, LANG=en_US.UTF-8}
18:40:24.291 [DEBUG] [org.gradle.launcher.daemon.server.SynchronizedDispatchConnection] thread 14: received class org.gradle.launcher.daemon.protocol.CloseInput
18:40:24.292 [DEBUG] [org.gradle.launcher.daemon.server.DefaultDaemonConnection] Received IO message from client: CloseInput[id=f746a9cb-292b-4707-82e3-0f78e9c0d10c.2]
18:40:24.333 [INFO] [org.gradle.launcher.daemon.server.exec.LogToClient] About to start relaying all logs to the client via the connection.
18:40:24.334 [INFO] [org.gradle.launcher.daemon.server.exec.LogToClient] The client will now receive all logging from the daemon (pid: 10969). The daemon log file: /home/leo/Documents/beavlion dev /Apps/CircularImageView/gradle/daemon/1.10/daemon-10969.out.log
18:40:24.353 [INFO] [org.gradle.launcher.daemon.server.exec.ForwardClientInput] Closing daemon's stdin at end of input.
18:40:24.357 [INFO] [org.gradle.launcher.daemon.server.exec.ForwardClientInput] The daemon will no longer process any standard input.
18:40:24.381 [INFO] [org.gradle.launcher.daemon.server.exec.ExecuteBuild] Executing build with daemon context: DefaultDaemonContext[uid=cde2e46d-d4d4-4a65-a9be-0fb4fc647caf,javaHome=/usr/lib/jvm/java-7-oracle,daemonRegistryDir=/home/leo/Documents/beavlion dev /Apps/CircularImageView/gradle/daemon,pid=10969,idleTimeout=60000,daemonOpts=-XX:MaxPermSize=256m,-XX:+HeapDumpOnOutOfMemoryError,-Xmx1024m,-Dfile.encoding=UTF-8]

FAILURE: Build failed with an exception.

* Where:
Build file '/home/leo/Documents/beavlion dev /Apps/CircularImageView/build.gradle' line: 17

* What went wrong:
A problem occurred evaluating root project 'CircularImageView'.
> Could not read script 'https://raw.github.com/chrisbanes/gradle-mvn-push/master/gradle-mvn-push.gradle'.
   > Connection timed out

* Try:
Run with --stacktrace option to get the stack trace. Run with --info or --debug option to get more log output.

BUILD FAILED

Total time: 1 mins 22.59 secs
18:41:42.940 [DEBUG] [org.gradle.launcher.daemon.server.exec.ExecuteBuild] The daemon has finished executing the build.
18:41:42.941 [DEBUG] [org.gradle.launcher.daemon.server.exec.ReturnResult] Daemon is dispatching the build result: DaemonCommandResult[type=CommandFailure, value=org.gradle.launcher.exec.ReportedException: org.gradle.internal.exceptions.LocationAwareException: Build file '/home/leo/Documents/beavlion dev /Apps/CircularImageView/build.gradle' line: 17
A problem occurred evaluating root project 'CircularImageView'.]
18:41:42.942 [DEBUG] [org.gradle.launcher.daemon.server.SynchronizedDispatchConnection] thread 13: dispatching class org.gradle.launcher.daemon.protocol.CommandFailure
18:41:43.047 [DEBUG] [org.gradle.launcher.daemon.server.DaemonStateCoordinator] onFinishCommand() called while execution = DaemonCommandExecution[command = Build{id=f746a9cb-292b-4707-82e3-0f78e9c0d10c.1, currentDir=/home/leo}, connection = org.gradle.launcher.daemon.server.DefaultDaemonConnection@1227e59]
18:41:43.062 [DEBUG] [org.gradle.launcher.daemon.server.DaemonStateCoordinator] updating lastActivityAt to 1393634503062
18:41:43.063 [INFO] [org.gradle.launcher.daemon.server.DomainRegistryUpdater] Marking the daemon as idle, address: [6c9d38ff-1595-4ccb-a7fa-4bb8a740ea54 port:52696, addresses:[/0:0:0:0:0:0:0:1%1, /127.0.0.1]]
18:41:43.065 [DEBUG] [org.gradle.launcher.daemon.registry.PersistentDaemonRegistry] Marking idle by address: [6c9d38ff-1595-4ccb-a7fa-4bb8a740ea54 port:52696, addresses:[/0:0:0:0:0:0:0:1%1, /127.0.0.1]]
18:41:43.067 [DEBUG] [org.gradle.cache.internal.DefaultFileLockManager] Waiting to acquire exclusive lock on daemon addresses registry.
18:41:43.068 [DEBUG] [org.gradle.cache.internal.DefaultFileLockManager] Lock acquired.
18:41:43.073 [DEBUG] [org.gradle.cache.internal.DefaultFileLockManager] Releasing lock on daemon addresses registry.
18:41:43.074 [DEBUG] [org.gradle.launcher.daemon.server.DaemonStateCoordinator] Daemon is idle, sleeping until state change or idle timeout at Fri Feb 28 18:42:43 CST 2014
18:41:43.702 [DEBUG] [org.gradle.launcher.daemon.server.SynchronizedDispatchConnection] thread 14: received class org.gradle.launcher.daemon.protocol.Finished
18:41:43.702 [DEBUG] [org.gradle.launcher.daemon.server.DefaultDaemonConnection] Received non-IO message from client: org.gradle.launcher.daemon.protocol.Finished@1cc8a10
18:41:43.700 [DEBUG] [org.gradle.launcher.daemon.server.DefaultIncomingConnectionHandler] Finishing executing command: Build{id=f746a9cb-292b-4707-82e3-0f78e9c0d10c.1, currentDir=/home/leo}
18:41:43.707 [DEBUG] [org.gradle.launcher.daemon.server.DefaultIncomingConnectionHandler] Received finished message: org.gradle.launcher.daemon.protocol.Finished@1cc8a10
18:41:43.708 [DEBUG] [org.gradle.launcher.daemon.server.SynchronizedDispatchConnection] thread 13: stopping connection
18:41:43.706 [DEBUG] [org.gradle.launcher.daemon.server.SynchronizedDispatchConnection] thread 14: received null
18:41:43.721 [DEBUG] [org.gradle.launcher.daemon.server.DefaultDaemonConnection] Received end-of-input from client.
18:41:43.727 [DEBUG] [org.gradle.launcher.daemon.server.SynchronizedDispatchConnection] thread 13: stopping connection
18:42:31.291 [DEBUG] [org.gradle.messaging.remote.internal.inet.TcpIncomingConnector] Accepted connection from /127.0.0.1:40949 to /127.0.0.1:52696.
18:42:31.337 [DEBUG] [org.gradle.launcher.daemon.server.SynchronizedDispatchConnection] thread 18: received class org.gradle.launcher.daemon.protocol.Build
18:42:31.338 [DEBUG] [org.gradle.launcher.daemon.server.DefaultDaemonConnection] Received non-IO message from client: Build{id=64545214-fb36-4a00-9021-a9c710c305da.1, currentDir=/home/leo}
18:42:31.340 [INFO] [org.gradle.launcher.daemon.server.DefaultIncomingConnectionHandler] Received command: Build{id=64545214-fb36-4a00-9021-a9c710c305da.1, currentDir=/home/leo}.
18:42:31.341 [DEBUG] [org.gradle.launcher.daemon.server.DefaultIncomingConnectionHandler] Starting executing command: Build{id=64545214-fb36-4a00-9021-a9c710c305da.1, currentDir=/home/leo} with connection: socket connection at /127.0.0.1:52696 with /127.0.0.1:40949.
18:42:31.342 [DEBUG] [org.gradle.launcher.daemon.server.DaemonStateCoordinator] onStartCommand(DaemonCommandExecution[command = Build{id=64545214-fb36-4a00-9021-a9c710c305da.1, currentDir=/home/leo}, connection = org.gradle.launcher.daemon.server.DefaultDaemonConnection@e7c4e9]) called after 0.0 minutes of idle
18:42:31.343 [INFO] [org.gradle.launcher.daemon.server.DomainRegistryUpdater] Marking the daemon as busy, address: [6c9d38ff-1595-4ccb-a7fa-4bb8a740ea54 port:52696, addresses:[/0:0:0:0:0:0:0:1%1, /127.0.0.1]]
18:42:31.344 [DEBUG] [org.gradle.launcher.daemon.registry.PersistentDaemonRegistry] Marking busy by address: [6c9d38ff-1595-4ccb-a7fa-4bb8a740ea54 port:52696, addresses:[/0:0:0:0:0:0:0:1%1, /127.0.0.1]]
18:42:31.345 [DEBUG] [org.gradle.cache.internal.DefaultFileLockManager] Waiting to acquire exclusive lock on daemon addresses registry.
18:42:31.346 [DEBUG] [org.gradle.cache.internal.DefaultFileLockManager] Lock acquired.
18:42:31.351 [DEBUG] [org.gradle.cache.internal.DefaultFileLockManager] Releasing lock on daemon addresses registry.
18:42:31.352 [DEBUG] [org.gradle.launcher.daemon.server.DaemonStateCoordinator] updating lastActivityAt to 1393634551352
18:42:31.353 [DEBUG] [org.gradle.launcher.daemon.server.DaemonStateCoordinator] Daemon is busy, sleeping until state changes.
18:42:31.354 [INFO] [org.gradle.launcher.daemon.server.exec.StartBuildOrRespondWithBusy] Daemon is about to start building: Build{id=64545214-fb36-4a00-9021-a9c710c305da.1, currentDir=/home/leo}. Dispatching build started information...
18:42:31.355 [DEBUG] [org.gradle.launcher.daemon.server.SynchronizedDispatchConnection] thread 13: dispatching class org.gradle.launcher.daemon.protocol.BuildStarted
18:42:31.363 [DEBUG] [org.gradle.launcher.daemon.server.exec.EstablishBuildEnvironment] Configuring env variables: {MDMSESSION=default, GNOME_KEYRING_CONTROL=/run/user/leo/keyring-TKzya2, SSH_AGENT_PID=1996, LC_TELEPHONE=es_MX.UTF-8, XFILESEARCHPATH=/usr/dt/app-defaults/%L/Dt, SESSION_MANAGER=local/leon:@/tmp/.ICE-unix/1914,unix/leon:/tmp/.ICE-unix/1914, GNOME_DESKTOP_SESSION_ID=this-is-deprecated, LC_NUMERIC=es_MX.UTF-8, LC_NAME=es_MX.UTF-8, XDG_SESSION_COOKIE=85ea98458b81142e84e2e74450c40df3-1393623011.26353-734296513, MANDATORY_PATH=/usr/share/gconf/default.mandatory.path, XDG_DATA_DIRS=/usr/share/default:/usr/share/gnome:/usr/local/share/:/usr/share/:/usr/share/mdm/, PWD=/home/leo, GIO_LAUNCHED_DESKTOP_FILE=/home/leo/.local/share/applications/jetbrains-android-studio.desktop, MDM_XSERVER_LOCATION=local, LOGNAME=leo, LC_PAPER=es_MX.UTF-8, GIO_LAUNCHED_DESKTOP_FILE_PID=10350, LC_IDENTIFICATION=es_MX.UTF-8, GPG_AGENT_INFO=/run/user/leo/keyring-TKzya2/gpg:0:1, GJS_DEBUG_TOPICS=JS ERROR;JS LOG, SSH_AUTH_SOCK=/run/user/leo/keyring-TKzya2/ssh, NLSPATH=/usr/dt/lib/nls/msg/%L/%N.cat, LD_LIBRARY_PATH=/home/leo/Documentos/Android/android-studio/bin:, DBUS_SESSION_BUS_ADDRESS=unix:abstract=/tmp/dbus-ZLhcHYLXF3,guid=a180f4da1111b663c32196db5310ffe3, LC_ADDRESS=es_MX.UTF-8, SHELL=/bin/bash, GNOME_KEYRING_PID=1837, CLASSPATH=/home/leo/Documentos/Android/android-studio/bin/../lib/bootstrap.jar:/home/leo/Documentos/Android/android-studio/bin/../lib/extensions.jar:/home/leo/Documentos/Android/android-studio/bin/../lib/util.jar:/home/leo/Documentos/Android/android-studio/bin/../lib/jdom.jar:/home/leo/Documentos/Android/android-studio/bin/../lib/log4j.jar:/home/leo/Documentos/Android/android-studio/bin/../lib/trove4j.jar:/home/leo/Documentos/Android/android-studio/bin/../lib/jna.jar:/usr/lib/jvm/java-7-oracle/lib/tools.jar, PATH=/usr/local/sbin:/usr/local/bin:/usr/sbin:/usr/bin:/sbin:/bin:/usr/games:/usr/local/games, XDG_CURRENT_DESKTOP=GNOME, XDG_CONFIG_DIRS=/etc/xdg/xdg-default:/etc/xdg, DESKTOP_SESSION=default, DISPLAY=:0, LC_MONETARY=es_MX.UTF-8, USER=leo, GJS_DEBUG_OUTPUT=stderr, HOME=/home/leo, XAUTHORITY=/home/leo/.Xauthority, WINDOWPATH=8, DEFAULTS_PATH=/usr/share/gconf/default.default.path, MDM_LANG=en_US.UTF-8, USERNAME=leo, LC_TIME=es_MX.UTF-8, LC_MEASUREMENT=es_MX.UTF-8, XDG_RUNTIME_DIR=/run/user/leo, LANG=en_US.UTF-8}
18:42:31.367 [INFO] [org.gradle.launcher.daemon.server.exec.LogToClient] About to start relaying all logs to the client via the connection.
18:42:31.368 [INFO] [org.gradle.launcher.daemon.server.exec.LogToClient] The client will now receive all logging from the daemon (pid: 10969). The daemon log file: /home/leo/Documents/beavlion dev /Apps/CircularImageView/gradle/daemon/1.10/daemon-10969.out.log
18:42:31.369 [INFO] [org.gradle.launcher.daemon.server.exec.ExecuteBuild] Executing build with daemon context: DefaultDaemonContext[uid=cde2e46d-d4d4-4a65-a9be-0fb4fc647caf,javaHome=/usr/lib/jvm/java-7-oracle,daemonRegistryDir=/home/leo/Documents/beavlion dev /Apps/CircularImageView/gradle/daemon,pid=10969,idleTimeout=60000,daemonOpts=-XX:MaxPermSize=256m,-XX:+HeapDumpOnOutOfMemoryError,-Xmx1024m,-Dfile.encoding=UTF-8]
18:42:31.372 [DEBUG] [org.gradle.launcher.daemon.server.SynchronizedDispatchConnection] thread 18: received class org.gradle.launcher.daemon.protocol.CloseInput
18:42:31.373 [DEBUG] [org.gradle.launcher.daemon.server.DefaultDaemonConnection] Received IO message from client: CloseInput[id=64545214-fb36-4a00-9021-a9c710c305da.2]
18:42:31.375 [INFO] [org.gradle.launcher.daemon.server.exec.ForwardClientInput] Closing daemon's stdin at end of input.
18:42:31.378 [INFO] [org.gradle.launcher.daemon.server.exec.ForwardClientInput] The daemon will no longer process any standard input.
18:42:31.537 [INFO] [org.gradle.tooling.internal.provider.DefaultPayloadClassLoaderRegistry] Creating ClassLoader e1526667-5b0b-47b2-81d4-1a1c87035da0 from org.gradle.internal.classloader.MutableURLClassLoader$Spec@c1b87d1a and [org.gradle.internal.classloader.FilteringClassLoader@f1d686].

FAILURE: Build failed with an exception.

* Where:
Script 'https://raw.github.com/chrisbanes/gradle-mvn-push/master/gradle-mvn-push.gradle' line: 48

* What went wrong:
A problem occurred configuring root project 'CircularImageView'.
> No such property: GROUP for class: org.gradle.api.publication.maven.internal.ant.DefaultGroovyMavenDeployer

* Try:
Run with --stacktrace option to get the stack trace. Run with --info or --debug option to get more log output.

BUILD FAILED

Total time: 16.618 secs
18:42:47.864 [DEBUG] [org.gradle.launcher.daemon.server.exec.ExecuteBuild] The daemon has finished executing the build.
18:42:47.873 [DEBUG] [org.gradle.launcher.daemon.server.exec.ReturnResult] Daemon is dispatching the build result: DaemonCommandResult[type=CommandFailure, value=org.gradle.launcher.exec.ReportedException: org.gradle.internal.exceptions.LocationAwareException: Script 'https://raw.github.com/chrisbanes/gradle-mvn-push/master/gradle-mvn-push.gradle' line: 48
A problem occurred configuring root project 'CircularImageView'.]
18:42:47.877 [DEBUG] [org.gradle.launcher.daemon.server.SynchronizedDispatchConnection] thread 13: dispatching class org.gradle.launcher.daemon.protocol.CommandFailure
18:42:48.057 [DEBUG] [org.gradle.launcher.daemon.server.DaemonStateCoordinator] onFinishCommand() called while execution = DaemonCommandExecution[command = Build{id=64545214-fb36-4a00-9021-a9c710c305da.1, currentDir=/home/leo}, connection = org.gradle.launcher.daemon.server.DefaultDaemonConnection@e7c4e9]
18:42:48.058 [DEBUG] [org.gradle.launcher.daemon.server.DaemonStateCoordinator] updating lastActivityAt to 1393634568058
18:42:48.065 [INFO] [org.gradle.launcher.daemon.server.DomainRegistryUpdater] Marking the daemon as idle, address: [6c9d38ff-1595-4ccb-a7fa-4bb8a740ea54 port:52696, addresses:[/0:0:0:0:0:0:0:1%1, /127.0.0.1]]
18:42:48.074 [DEBUG] [org.gradle.launcher.daemon.registry.PersistentDaemonRegistry] Marking idle by address: [6c9d38ff-1595-4ccb-a7fa-4bb8a740ea54 port:52696, addresses:[/0:0:0:0:0:0:0:1%1, /127.0.0.1]]
18:42:48.077 [DEBUG] [org.gradle.cache.internal.DefaultFileLockManager] Waiting to acquire exclusive lock on daemon addresses registry.
18:42:48.078 [DEBUG] [org.gradle.cache.internal.DefaultFileLockManager] Lock acquired.
18:42:48.105 [DEBUG] [org.gradle.cache.internal.DefaultFileLockManager] Releasing lock on daemon addresses registry.
18:42:48.112 [DEBUG] [org.gradle.launcher.daemon.server.DaemonStateCoordinator] Daemon is idle, sleeping until state change or idle timeout at Fri Feb 28 18:43:48 CST 2014
18:42:48.113 [DEBUG] [org.gradle.launcher.daemon.server.DefaultIncomingConnectionHandler] Finishing executing command: Build{id=64545214-fb36-4a00-9021-a9c710c305da.1, currentDir=/home/leo}
18:42:48.203 [DEBUG] [org.gradle.launcher.daemon.server.SynchronizedDispatchConnection] thread 18: received class org.gradle.launcher.daemon.protocol.Finished
18:42:48.204 [DEBUG] [org.gradle.launcher.daemon.server.DefaultDaemonConnection] Received non-IO message from client: org.gradle.launcher.daemon.protocol.Finished@108ba74
18:42:48.205 [DEBUG] [org.gradle.launcher.daemon.server.DefaultIncomingConnectionHandler] Received finished message: org.gradle.launcher.daemon.protocol.Finished@108ba74
18:42:48.206 [DEBUG] [org.gradle.launcher.daemon.server.SynchronizedDispatchConnection] thread 13: stopping connection
18:42:48.205 [DEBUG] [org.gradle.launcher.daemon.server.SynchronizedDispatchConnection] thread 18: received null
18:42:48.209 [DEBUG] [org.gradle.launcher.daemon.server.DefaultDaemonConnection] Received end-of-input from client.
18:42:48.210 [DEBUG] [org.gradle.launcher.daemon.server.SynchronizedDispatchConnection] thread 13: stopping connection
18:43:48.059 [DEBUG] [org.gradle.launcher.daemon.server.DaemonStateCoordinator] Daemon has been idle for requested period.
18:43:48.060 [DEBUG] [org.gradle.launcher.daemon.server.DaemonStateCoordinator] Stop requested. The daemon is running a build: false
18:43:48.060 [INFO] [org.gradle.launcher.daemon.bootstrap.DaemonMain] Daemon hit idle timeout (60000ms), stopping...
18:43:48.062 [DEBUG] [org.gradle.launcher.daemon.server.Daemon] stop() called on daemon
18:43:48.062 [INFO] [org.gradle.launcher.daemon.server.Daemon] Stop requested. Daemon is removing its presence from the registry...
18:43:48.063 [DEBUG] [org.gradle.launcher.daemon.server.DaemonStateCoordinator] Stop requested. The daemon is running a build: false
18:43:48.064 [DEBUG] [org.gradle.launcher.daemon.server.DomainRegistryUpdater] Removing our presence to clients, eg. removing this address from the registry: [6c9d38ff-1595-4ccb-a7fa-4bb8a740ea54 port:52696, addresses:[/0:0:0:0:0:0:0:1%1, /127.0.0.1]]
18:43:48.065 [DEBUG] [org.gradle.launcher.daemon.registry.PersistentDaemonRegistry] Removing daemon address: [6c9d38ff-1595-4ccb-a7fa-4bb8a740ea54 port:52696, addresses:[/0:0:0:0:0:0:0:1%1, /127.0.0.1]]
18:43:48.066 [DEBUG] [org.gradle.cache.internal.DefaultFileLockManager] Waiting to acquire exclusive lock on daemon addresses registry.
18:43:48.067 [DEBUG] [org.gradle.cache.internal.DefaultFileLockManager] Lock acquired.
18:43:48.071 [DEBUG] [org.gradle.cache.internal.DefaultFileLockManager] Releasing lock on daemon addresses registry.
18:43:48.072 [DEBUG] [org.gradle.launcher.daemon.server.DomainRegistryUpdater] Address removed from registry.
Daemon vm is shutting down... The daemon has exited normally or was terminated in response to a user interrupt.
18:43:48.075 [INFO] [org.gradle.launcher.daemon.bootstrap.DaemonMain] Daemon[pid = 10969] process has finished.
18:43:48.075 [DEBUG] [org.gradle.launcher.daemon.registry.PersistentDaemonRegistry] Removing daemon address: [6c9d38ff-1595-4ccb-a7fa-4bb8a740ea54 port:52696, addresses:[/0:0:0:0:0:0:0:1%1, /127.0.0.1]]
18:43:48.077 [DEBUG] [org.gradle.cache.internal.DefaultFileLockManager] Waiting to acquire exclusive lock on daemon addresses registry.
18:43:48.077 [DEBUG] [org.gradle.cache.internal.DefaultFileLockManager] Lock acquired.
18:43:48.079 [DEBUG] [org.gradle.cache.internal.DefaultFileLockManager] Releasing lock on daemon addresses registry.
