16:44:15.910 [INFO] [org.gradle.launcher.daemon.server.Daemon] start() called on daemon - DefaultDaemonContext[uid=e65bb8ff-3ec4-45d3-b08f-86a874909cb4,javaHome=/usr/lib/jvm/java-7-oracle,daemonRegistryDir=/home/leo/Documents/beavlion dev /Apps/CircularImageView/gradle/daemon,pid=7986,idleTimeout=60000,daemonOpts=-XX:MaxPermSize=256m,-XX:+HeapDumpOnOutOfMemoryError,-Xmx1024m,-Dfile.encoding=UTF-8]
16:44:15.925 [DEBUG] [org.gradle.launcher.daemon.server.DaemonStateCoordinator] updating lastActivityAt to 1393627455925
16:44:15.952 [DEBUG] [org.gradle.messaging.remote.internal.inet.InetAddressFactory] Adding IP addresses for network interface wlan0
16:44:15.954 [DEBUG] [org.gradle.messaging.remote.internal.inet.InetAddressFactory] Is this a loopback interface? false
16:44:15.955 [DEBUG] [org.gradle.messaging.remote.internal.inet.InetAddressFactory] Adding non-loopback address /fe80:0:0:0:217:c4ff:fec3:704f%3
16:44:15.956 [DEBUG] [org.gradle.messaging.remote.internal.inet.InetAddressFactory] Adding non-loopback address /192.168.1.69
16:44:15.958 [DEBUG] [org.gradle.messaging.remote.internal.inet.InetAddressFactory] Adding IP addresses for network interface lo
16:44:15.961 [DEBUG] [org.gradle.messaging.remote.internal.inet.InetAddressFactory] Is this a loopback interface? true
16:44:15.963 [DEBUG] [org.gradle.messaging.remote.internal.inet.InetAddressFactory] Adding loopback address /0:0:0:0:0:0:0:1%1
16:44:15.964 [DEBUG] [org.gradle.messaging.remote.internal.inet.InetAddressFactory] Adding loopback address /127.0.0.1
16:44:15.966 [DEBUG] [org.gradle.messaging.remote.internal.inet.TcpIncomingConnector] Listening on [e86a9978-f144-420c-8c9b-17ff53a8a92c port:47534, addresses:[/0:0:0:0:0:0:0:1%1, /127.0.0.1]].
16:44:15.972 [DEBUG] [org.gradle.launcher.daemon.server.Daemon] Daemon starting at: Fri Feb 28 16:44:15 CST 2014, with address: [e86a9978-f144-420c-8c9b-17ff53a8a92c port:47534, addresses:[/0:0:0:0:0:0:0:1%1, /127.0.0.1]]
16:44:15.974 [INFO] [org.gradle.launcher.daemon.server.DomainRegistryUpdater] Advertising the daemon address to the clients: [e86a9978-f144-420c-8c9b-17ff53a8a92c port:47534, addresses:[/0:0:0:0:0:0:0:1%1, /127.0.0.1]]
16:44:15.975 [DEBUG] [org.gradle.launcher.daemon.server.DomainRegistryUpdater] Advertised daemon context: DefaultDaemonContext[uid=e65bb8ff-3ec4-45d3-b08f-86a874909cb4,javaHome=/usr/lib/jvm/java-7-oracle,daemonRegistryDir=/home/leo/Documents/beavlion dev /Apps/CircularImageView/gradle/daemon,pid=7986,idleTimeout=60000,daemonOpts=-XX:MaxPermSize=256m,-XX:+HeapDumpOnOutOfMemoryError,-Xmx1024m,-Dfile.encoding=UTF-8]
16:44:15.977 [DEBUG] [org.gradle.launcher.daemon.registry.PersistentDaemonRegistry] Storing daemon address: [e86a9978-f144-420c-8c9b-17ff53a8a92c port:47534, addresses:[/0:0:0:0:0:0:0:1%1, /127.0.0.1]], context: DefaultDaemonContext[uid=e65bb8ff-3ec4-45d3-b08f-86a874909cb4,javaHome=/usr/lib/jvm/java-7-oracle,daemonRegistryDir=/home/leo/Documents/beavlion dev /Apps/CircularImageView/gradle/daemon,pid=7986,idleTimeout=60000,daemonOpts=-XX:MaxPermSize=256m,-XX:+HeapDumpOnOutOfMemoryError,-Xmx1024m,-Dfile.encoding=UTF-8]
16:44:16.003 [DEBUG] [org.gradle.cache.internal.DefaultFileLockManager] Waiting to acquire exclusive lock on daemon addresses registry.
16:44:16.010 [DEBUG] [org.gradle.cache.internal.DefaultFileLockManager] Lock acquired.
16:44:16.062 [DEBUG] [org.gradle.cache.internal.DefaultFileLockManager] Releasing lock on daemon addresses registry.
16:44:16.064 [LIFECYCLE] [org.gradle.launcher.daemon.bootstrap.DaemonMain] Daemon server started. Pid: 7986.
16:44:16.078 [DEBUG] [org.gradle.launcher.daemon.bootstrap.DaemonStartupCommunication] Completed writing the daemon greeting. Closing streams...
16:44:16.084 [DEBUG] [org.gradle.launcher.daemon.server.Daemon] requestStopOnIdleTimeout(60000 MILLISECONDS) called on daemon
16:44:16.084 [DEBUG] [org.gradle.launcher.daemon.server.DaemonStateCoordinator] waiting for daemon to stop or be idle for 60000ms
16:44:16.086 [DEBUG] [org.gradle.launcher.daemon.server.DaemonStateCoordinator] Daemon is idle, sleeping until state change or idle timeout at Fri Feb 28 16:45:15 CST 2014
16:44:16.114 [DEBUG] [org.gradle.messaging.remote.internal.inet.TcpIncomingConnector] Accepted connection from /127.0.0.1:45507 to /127.0.0.1:47534.
16:44:16.209 [DEBUG] [org.gradle.launcher.daemon.server.SynchronizedDispatchConnection] thread 14: received class org.gradle.launcher.daemon.protocol.Build
16:44:16.210 [DEBUG] [org.gradle.launcher.daemon.server.DefaultDaemonConnection] Received non-IO message from client: Build{id=9d31dcf2-a017-47ce-8212-538a7a0bb6de.1, currentDir=/home/leo}
16:44:16.212 [INFO] [org.gradle.launcher.daemon.server.DefaultIncomingConnectionHandler] Received command: Build{id=9d31dcf2-a017-47ce-8212-538a7a0bb6de.1, currentDir=/home/leo}.
16:44:16.213 [DEBUG] [org.gradle.launcher.daemon.server.DefaultIncomingConnectionHandler] Starting executing command: Build{id=9d31dcf2-a017-47ce-8212-538a7a0bb6de.1, currentDir=/home/leo} with connection: socket connection at /127.0.0.1:47534 with /127.0.0.1:45507.
16:44:16.230 [DEBUG] [org.gradle.launcher.daemon.server.DaemonStateCoordinator] onStartCommand(DaemonCommandExecution[command = Build{id=9d31dcf2-a017-47ce-8212-538a7a0bb6de.1, currentDir=/home/leo}, connection = org.gradle.launcher.daemon.server.DefaultDaemonConnection@2775a1]) called after 0.0 minutes of idle
16:44:16.232 [INFO] [org.gradle.launcher.daemon.server.DomainRegistryUpdater] Marking the daemon as busy, address: [e86a9978-f144-420c-8c9b-17ff53a8a92c port:47534, addresses:[/0:0:0:0:0:0:0:1%1, /127.0.0.1]]
16:44:16.233 [DEBUG] [org.gradle.launcher.daemon.registry.PersistentDaemonRegistry] Marking busy by address: [e86a9978-f144-420c-8c9b-17ff53a8a92c port:47534, addresses:[/0:0:0:0:0:0:0:1%1, /127.0.0.1]]
16:44:16.235 [DEBUG] [org.gradle.cache.internal.DefaultFileLockManager] Waiting to acquire exclusive lock on daemon addresses registry.
16:44:16.236 [DEBUG] [org.gradle.cache.internal.DefaultFileLockManager] Lock acquired.
16:44:16.241 [DEBUG] [org.gradle.cache.internal.DefaultFileLockManager] Releasing lock on daemon addresses registry.
16:44:16.242 [DEBUG] [org.gradle.launcher.daemon.server.DaemonStateCoordinator] updating lastActivityAt to 1393627456242
16:44:16.243 [DEBUG] [org.gradle.launcher.daemon.server.DaemonStateCoordinator] Daemon is busy, sleeping until state changes.
16:44:16.243 [INFO] [org.gradle.launcher.daemon.server.exec.StartBuildOrRespondWithBusy] Daemon is about to start building: Build{id=9d31dcf2-a017-47ce-8212-538a7a0bb6de.1, currentDir=/home/leo}. Dispatching build started information...
16:44:16.245 [DEBUG] [org.gradle.launcher.daemon.server.SynchronizedDispatchConnection] thread 13: dispatching class org.gradle.launcher.daemon.protocol.BuildStarted
16:44:16.255 [DEBUG] [org.gradle.launcher.daemon.server.exec.EstablishBuildEnvironment] Configuring env variables: {MDMSESSION=default, GNOME_KEYRING_CONTROL=/run/user/leo/keyring-TKzya2, SSH_AGENT_PID=1996, LC_TELEPHONE=es_MX.UTF-8, XFILESEARCHPATH=/usr/dt/app-defaults/%L/Dt, SESSION_MANAGER=local/leon:@/tmp/.ICE-unix/1914,unix/leon:/tmp/.ICE-unix/1914, GNOME_DESKTOP_SESSION_ID=this-is-deprecated, LC_NUMERIC=es_MX.UTF-8, LC_NAME=es_MX.UTF-8, XDG_SESSION_COOKIE=85ea98458b81142e84e2e74450c40df3-1393623011.26353-734296513, MANDATORY_PATH=/usr/share/gconf/default.mandatory.path, XDG_DATA_DIRS=/usr/share/default:/usr/share/gnome:/usr/local/share/:/usr/share/:/usr/share/mdm/, PWD=/home/leo, GIO_LAUNCHED_DESKTOP_FILE=/home/leo/.local/share/applications/jetbrains-android-studio.desktop, MDM_XSERVER_LOCATION=local, LOGNAME=leo, LC_PAPER=es_MX.UTF-8, GIO_LAUNCHED_DESKTOP_FILE_PID=2878, LC_IDENTIFICATION=es_MX.UTF-8, GPG_AGENT_INFO=/run/user/leo/keyring-TKzya2/gpg:0:1, GJS_DEBUG_TOPICS=JS ERROR;JS LOG, SSH_AUTH_SOCK=/run/user/leo/keyring-TKzya2/ssh, NLSPATH=/usr/dt/lib/nls/msg/%L/%N.cat, LD_LIBRARY_PATH=/home/leo/Documentos/Android/android-studio/bin:, DBUS_SESSION_BUS_ADDRESS=unix:abstract=/tmp/dbus-ZLhcHYLXF3,guid=a180f4da1111b663c32196db5310ffe3, LC_ADDRESS=es_MX.UTF-8, SHELL=/bin/bash, GNOME_KEYRING_PID=1837, CLASSPATH=/home/leo/Documentos/Android/android-studio/bin/../lib/bootstrap.jar:/home/leo/Documentos/Android/android-studio/bin/../lib/extensions.jar:/home/leo/Documentos/Android/android-studio/bin/../lib/util.jar:/home/leo/Documentos/Android/android-studio/bin/../lib/jdom.jar:/home/leo/Documentos/Android/android-studio/bin/../lib/log4j.jar:/home/leo/Documentos/Android/android-studio/bin/../lib/trove4j.jar:/home/leo/Documentos/Android/android-studio/bin/../lib/jna.jar:/usr/lib/jvm/java-7-oracle/lib/tools.jar, PATH=/usr/local/sbin:/usr/local/bin:/usr/sbin:/usr/bin:/sbin:/bin:/usr/games:/usr/local/games, XDG_CURRENT_DESKTOP=GNOME, XDG_CONFIG_DIRS=/etc/xdg/xdg-default:/etc/xdg, DESKTOP_SESSION=default, DISPLAY=:0, LC_MONETARY=es_MX.UTF-8, USER=leo, GJS_DEBUG_OUTPUT=stderr, HOME=/home/leo, XAUTHORITY=/home/leo/.Xauthority, WINDOWPATH=8, DEFAULTS_PATH=/usr/share/gconf/default.default.path, MDM_LANG=en_US.UTF-8, USERNAME=leo, LC_TIME=es_MX.UTF-8, LC_MEASUREMENT=es_MX.UTF-8, XDG_RUNTIME_DIR=/run/user/leo, LANG=en_US.UTF-8}
16:44:16.276 [DEBUG] [org.gradle.launcher.daemon.server.SynchronizedDispatchConnection] thread 14: received class org.gradle.launcher.daemon.protocol.CloseInput
16:44:16.277 [DEBUG] [org.gradle.launcher.daemon.server.DefaultDaemonConnection] Received IO message from client: CloseInput[id=9d31dcf2-a017-47ce-8212-538a7a0bb6de.2]
16:44:16.287 [INFO] [org.gradle.launcher.daemon.server.exec.LogToClient] About to start relaying all logs to the client via the connection.
16:44:16.288 [INFO] [org.gradle.launcher.daemon.server.exec.LogToClient] The client will now receive all logging from the daemon (pid: 7986). The daemon log file: /home/leo/Documents/beavlion dev /Apps/CircularImageView/gradle/daemon/1.10/daemon-7986.out.log
16:44:16.301 [INFO] [org.gradle.launcher.daemon.server.exec.ForwardClientInput] Closing daemon's stdin at end of input.
16:44:16.304 [INFO] [org.gradle.launcher.daemon.server.exec.ForwardClientInput] The daemon will no longer process any standard input.
16:44:16.310 [INFO] [org.gradle.launcher.daemon.server.exec.ExecuteBuild] Executing build with daemon context: DefaultDaemonContext[uid=e65bb8ff-3ec4-45d3-b08f-86a874909cb4,javaHome=/usr/lib/jvm/java-7-oracle,daemonRegistryDir=/home/leo/Documents/beavlion dev /Apps/CircularImageView/gradle/daemon,pid=7986,idleTimeout=60000,daemonOpts=-XX:MaxPermSize=256m,-XX:+HeapDumpOnOutOfMemoryError,-Xmx1024m,-Dfile.encoding=UTF-8]

FAILURE: Build failed with an exception.

* Where:
Script 'https://raw.github.com/chrisbanes/gradle-mvn-push/master/gradle-mvn-push.gradle' line: 48

* What went wrong:
A problem occurred configuring root project 'CircularImageView'.
> No such property: GROUP for class: org.gradle.api.publication.maven.internal.ant.DefaultGroovyMavenDeployer

* Try:
Run with --stacktrace option to get the stack trace. Run with --info or --debug option to get more log output.

BUILD FAILED

Total time: 15.602 secs
16:44:30.268 [DEBUG] [org.gradle.launcher.daemon.server.exec.ExecuteBuild] The daemon has finished executing the build.
16:44:30.269 [DEBUG] [org.gradle.launcher.daemon.server.exec.ReturnResult] Daemon is dispatching the build result: DaemonCommandResult[type=CommandFailure, value=org.gradle.launcher.exec.ReportedException: org.gradle.internal.exceptions.LocationAwareException: Script 'https://raw.github.com/chrisbanes/gradle-mvn-push/master/gradle-mvn-push.gradle' line: 48
A problem occurred configuring root project 'CircularImageView'.]
16:44:30.270 [DEBUG] [org.gradle.launcher.daemon.server.SynchronizedDispatchConnection] thread 13: dispatching class org.gradle.launcher.daemon.protocol.CommandFailure
16:44:30.368 [DEBUG] [org.gradle.launcher.daemon.server.DaemonStateCoordinator] onFinishCommand() called while execution = DaemonCommandExecution[command = Build{id=9d31dcf2-a017-47ce-8212-538a7a0bb6de.1, currentDir=/home/leo}, connection = org.gradle.launcher.daemon.server.DefaultDaemonConnection@2775a1]
16:44:30.369 [DEBUG] [org.gradle.launcher.daemon.server.DaemonStateCoordinator] updating lastActivityAt to 1393627470369
16:44:30.370 [INFO] [org.gradle.launcher.daemon.server.DomainRegistryUpdater] Marking the daemon as idle, address: [e86a9978-f144-420c-8c9b-17ff53a8a92c port:47534, addresses:[/0:0:0:0:0:0:0:1%1, /127.0.0.1]]
16:44:30.371 [DEBUG] [org.gradle.launcher.daemon.registry.PersistentDaemonRegistry] Marking idle by address: [e86a9978-f144-420c-8c9b-17ff53a8a92c port:47534, addresses:[/0:0:0:0:0:0:0:1%1, /127.0.0.1]]
16:44:30.373 [DEBUG] [org.gradle.cache.internal.DefaultFileLockManager] Waiting to acquire exclusive lock on daemon addresses registry.
16:44:30.374 [DEBUG] [org.gradle.cache.internal.DefaultFileLockManager] Lock acquired.
16:44:30.379 [DEBUG] [org.gradle.cache.internal.DefaultFileLockManager] Releasing lock on daemon addresses registry.
16:44:30.380 [DEBUG] [org.gradle.launcher.daemon.server.DaemonStateCoordinator] Daemon is idle, sleeping until state change or idle timeout at Fri Feb 28 16:45:30 CST 2014
16:44:31.212 [DEBUG] [org.gradle.messaging.remote.internal.inet.TcpIncomingConnector] Accepted connection from /127.0.0.1:45553 to /127.0.0.1:47534.
16:44:31.215 [DEBUG] [org.gradle.launcher.daemon.server.DefaultIncomingConnectionHandler] Finishing executing command: Build{id=9d31dcf2-a017-47ce-8212-538a7a0bb6de.1, currentDir=/home/leo}
16:44:31.219 [DEBUG] [org.gradle.launcher.daemon.server.SynchronizedDispatchConnection] thread 14: received class org.gradle.launcher.daemon.protocol.Finished
16:44:31.222 [DEBUG] [org.gradle.launcher.daemon.server.DefaultDaemonConnection] Received non-IO message from client: org.gradle.launcher.daemon.protocol.Finished@33df34
16:44:31.224 [DEBUG] [org.gradle.launcher.daemon.server.DefaultIncomingConnectionHandler] Received finished message: org.gradle.launcher.daemon.protocol.Finished@33df34
16:44:31.225 [DEBUG] [org.gradle.launcher.daemon.server.SynchronizedDispatchConnection] thread 13: stopping connection
16:44:31.226 [DEBUG] [org.gradle.launcher.daemon.server.SynchronizedDispatchConnection] thread 14: received null
16:44:31.234 [DEBUG] [org.gradle.launcher.daemon.server.DefaultDaemonConnection] Received end-of-input from client.
16:44:31.236 [DEBUG] [org.gradle.launcher.daemon.server.SynchronizedDispatchConnection] thread 13: stopping connection
16:44:31.293 [DEBUG] [org.gradle.launcher.daemon.server.SynchronizedDispatchConnection] thread 21: received class org.gradle.launcher.daemon.protocol.Build
16:44:31.294 [DEBUG] [org.gradle.launcher.daemon.server.DefaultDaemonConnection] Received non-IO message from client: Build{id=09699417-2d44-4a2b-af04-c952012c8b89.1, currentDir=/home/leo}
16:44:31.295 [INFO] [org.gradle.launcher.daemon.server.DefaultIncomingConnectionHandler] Received command: Build{id=09699417-2d44-4a2b-af04-c952012c8b89.1, currentDir=/home/leo}.
16:44:31.296 [DEBUG] [org.gradle.launcher.daemon.server.DefaultIncomingConnectionHandler] Starting executing command: Build{id=09699417-2d44-4a2b-af04-c952012c8b89.1, currentDir=/home/leo} with connection: socket connection at /127.0.0.1:47534 with /127.0.0.1:45553.
16:44:31.297 [DEBUG] [org.gradle.launcher.daemon.server.DaemonStateCoordinator] onStartCommand(DaemonCommandExecution[command = Build{id=09699417-2d44-4a2b-af04-c952012c8b89.1, currentDir=/home/leo}, connection = org.gradle.launcher.daemon.server.DefaultDaemonConnection@1a5bec1]) called after 0.0 minutes of idle
16:44:31.298 [INFO] [org.gradle.launcher.daemon.server.DomainRegistryUpdater] Marking the daemon as busy, address: [e86a9978-f144-420c-8c9b-17ff53a8a92c port:47534, addresses:[/0:0:0:0:0:0:0:1%1, /127.0.0.1]]
16:44:31.299 [DEBUG] [org.gradle.launcher.daemon.registry.PersistentDaemonRegistry] Marking busy by address: [e86a9978-f144-420c-8c9b-17ff53a8a92c port:47534, addresses:[/0:0:0:0:0:0:0:1%1, /127.0.0.1]]
16:44:31.300 [DEBUG] [org.gradle.cache.internal.DefaultFileLockManager] Waiting to acquire exclusive lock on daemon addresses registry.
16:44:31.301 [DEBUG] [org.gradle.cache.internal.DefaultFileLockManager] Lock acquired.
16:44:31.307 [DEBUG] [org.gradle.cache.internal.DefaultFileLockManager] Releasing lock on daemon addresses registry.
16:44:31.308 [DEBUG] [org.gradle.launcher.daemon.server.DaemonStateCoordinator] updating lastActivityAt to 1393627471308
16:44:31.309 [DEBUG] [org.gradle.launcher.daemon.server.DaemonStateCoordinator] Daemon is busy, sleeping until state changes.
16:44:31.310 [INFO] [org.gradle.launcher.daemon.server.exec.StartBuildOrRespondWithBusy] Daemon is about to start building: Build{id=09699417-2d44-4a2b-af04-c952012c8b89.1, currentDir=/home/leo}. Dispatching build started information...
16:44:31.311 [DEBUG] [org.gradle.launcher.daemon.server.SynchronizedDispatchConnection] thread 20: dispatching class org.gradle.launcher.daemon.protocol.BuildStarted
16:44:31.314 [DEBUG] [org.gradle.launcher.daemon.server.exec.EstablishBuildEnvironment] Configuring env variables: {MDMSESSION=default, GNOME_KEYRING_CONTROL=/run/user/leo/keyring-TKzya2, SSH_AGENT_PID=1996, LC_TELEPHONE=es_MX.UTF-8, XFILESEARCHPATH=/usr/dt/app-defaults/%L/Dt, SESSION_MANAGER=local/leon:@/tmp/.ICE-unix/1914,unix/leon:/tmp/.ICE-unix/1914, GNOME_DESKTOP_SESSION_ID=this-is-deprecated, LC_NUMERIC=es_MX.UTF-8, LC_NAME=es_MX.UTF-8, XDG_SESSION_COOKIE=85ea98458b81142e84e2e74450c40df3-1393623011.26353-734296513, MANDATORY_PATH=/usr/share/gconf/default.mandatory.path, XDG_DATA_DIRS=/usr/share/default:/usr/share/gnome:/usr/local/share/:/usr/share/:/usr/share/mdm/, PWD=/home/leo, GIO_LAUNCHED_DESKTOP_FILE=/home/leo/.local/share/applications/jetbrains-android-studio.desktop, MDM_XSERVER_LOCATION=local, LOGNAME=leo, LC_PAPER=es_MX.UTF-8, GIO_LAUNCHED_DESKTOP_FILE_PID=2878, LC_IDENTIFICATION=es_MX.UTF-8, GPG_AGENT_INFO=/run/user/leo/keyring-TKzya2/gpg:0:1, GJS_DEBUG_TOPICS=JS ERROR;JS LOG, SSH_AUTH_SOCK=/run/user/leo/keyring-TKzya2/ssh, NLSPATH=/usr/dt/lib/nls/msg/%L/%N.cat, LD_LIBRARY_PATH=/home/leo/Documentos/Android/android-studio/bin:, DBUS_SESSION_BUS_ADDRESS=unix:abstract=/tmp/dbus-ZLhcHYLXF3,guid=a180f4da1111b663c32196db5310ffe3, LC_ADDRESS=es_MX.UTF-8, SHELL=/bin/bash, GNOME_KEYRING_PID=1837, CLASSPATH=/home/leo/Documentos/Android/android-studio/bin/../lib/bootstrap.jar:/home/leo/Documentos/Android/android-studio/bin/../lib/extensions.jar:/home/leo/Documentos/Android/android-studio/bin/../lib/util.jar:/home/leo/Documentos/Android/android-studio/bin/../lib/jdom.jar:/home/leo/Documentos/Android/android-studio/bin/../lib/log4j.jar:/home/leo/Documentos/Android/android-studio/bin/../lib/trove4j.jar:/home/leo/Documentos/Android/android-studio/bin/../lib/jna.jar:/usr/lib/jvm/java-7-oracle/lib/tools.jar, PATH=/usr/local/sbin:/usr/local/bin:/usr/sbin:/usr/bin:/sbin:/bin:/usr/games:/usr/local/games, XDG_CURRENT_DESKTOP=GNOME, XDG_CONFIG_DIRS=/etc/xdg/xdg-default:/etc/xdg, DESKTOP_SESSION=default, DISPLAY=:0, LC_MONETARY=es_MX.UTF-8, USER=leo, GJS_DEBUG_OUTPUT=stderr, HOME=/home/leo, XAUTHORITY=/home/leo/.Xauthority, WINDOWPATH=8, DEFAULTS_PATH=/usr/share/gconf/default.default.path, MDM_LANG=en_US.UTF-8, USERNAME=leo, LC_TIME=es_MX.UTF-8, LC_MEASUREMENT=es_MX.UTF-8, XDG_RUNTIME_DIR=/run/user/leo, LANG=en_US.UTF-8}
16:44:31.317 [INFO] [org.gradle.launcher.daemon.server.exec.LogToClient] About to start relaying all logs to the client via the connection.
16:44:31.318 [INFO] [org.gradle.launcher.daemon.server.exec.LogToClient] The client will now receive all logging from the daemon (pid: 7986). The daemon log file: /home/leo/Documents/beavlion dev /Apps/CircularImageView/gradle/daemon/1.10/daemon-7986.out.log
16:44:31.321 [DEBUG] [org.gradle.launcher.daemon.server.SynchronizedDispatchConnection] thread 21: received class org.gradle.launcher.daemon.protocol.CloseInput
16:44:31.324 [DEBUG] [org.gradle.launcher.daemon.server.DefaultDaemonConnection] Received IO message from client: CloseInput[id=09699417-2d44-4a2b-af04-c952012c8b89.2]
16:44:31.325 [INFO] [org.gradle.launcher.daemon.server.exec.ExecuteBuild] Executing build with daemon context: DefaultDaemonContext[uid=e65bb8ff-3ec4-45d3-b08f-86a874909cb4,javaHome=/usr/lib/jvm/java-7-oracle,daemonRegistryDir=/home/leo/Documents/beavlion dev /Apps/CircularImageView/gradle/daemon,pid=7986,idleTimeout=60000,daemonOpts=-XX:MaxPermSize=256m,-XX:+HeapDumpOnOutOfMemoryError,-Xmx1024m,-Dfile.encoding=UTF-8]
16:44:31.332 [INFO] [org.gradle.launcher.daemon.server.exec.ForwardClientInput] Closing daemon's stdin at end of input.
16:44:31.333 [INFO] [org.gradle.launcher.daemon.server.exec.ForwardClientInput] The daemon will no longer process any standard input.
16:44:31.377 [INFO] [org.gradle.tooling.internal.provider.DefaultPayloadClassLoaderRegistry] Creating ClassLoader ebb65782-c63a-4557-ab2f-3fb16ee78c57 from org.gradle.internal.classloader.MutableURLClassLoader$Spec@c1b87d1a and [org.gradle.internal.classloader.FilteringClassLoader@7d3eb3].

FAILURE: Build failed with an exception.

* Where:
Script 'https://raw.github.com/chrisbanes/gradle-mvn-push/master/gradle-mvn-push.gradle' line: 48

* What went wrong:
A problem occurred configuring root project 'CircularImageView'.
> No such property: GROUP for class: org.gradle.api.publication.maven.internal.ant.DefaultGroovyMavenDeployer

* Try:
Run with --stacktrace option to get the stack trace. Run with --info or --debug option to get more log output.

BUILD FAILED

Total time: 8.786 secs
16:44:39.632 [DEBUG] [org.gradle.launcher.daemon.server.exec.ExecuteBuild] The daemon has finished executing the build.
16:44:39.633 [DEBUG] [org.gradle.launcher.daemon.server.exec.ReturnResult] Daemon is dispatching the build result: DaemonCommandResult[type=CommandFailure, value=org.gradle.launcher.exec.ReportedException: org.gradle.internal.exceptions.LocationAwareException: Script 'https://raw.github.com/chrisbanes/gradle-mvn-push/master/gradle-mvn-push.gradle' line: 48
A problem occurred configuring root project 'CircularImageView'.]
16:44:39.634 [DEBUG] [org.gradle.launcher.daemon.server.SynchronizedDispatchConnection] thread 20: dispatching class org.gradle.launcher.daemon.protocol.CommandFailure
16:44:39.704 [DEBUG] [org.gradle.launcher.daemon.server.DaemonStateCoordinator] onFinishCommand() called while execution = DaemonCommandExecution[command = Build{id=09699417-2d44-4a2b-af04-c952012c8b89.1, currentDir=/home/leo}, connection = org.gradle.launcher.daemon.server.DefaultDaemonConnection@1a5bec1]
16:44:39.705 [DEBUG] [org.gradle.launcher.daemon.server.DaemonStateCoordinator] updating lastActivityAt to 1393627479705
16:44:39.706 [INFO] [org.gradle.launcher.daemon.server.DomainRegistryUpdater] Marking the daemon as idle, address: [e86a9978-f144-420c-8c9b-17ff53a8a92c port:47534, addresses:[/0:0:0:0:0:0:0:1%1, /127.0.0.1]]
16:44:39.706 [DEBUG] [org.gradle.launcher.daemon.registry.PersistentDaemonRegistry] Marking idle by address: [e86a9978-f144-420c-8c9b-17ff53a8a92c port:47534, addresses:[/0:0:0:0:0:0:0:1%1, /127.0.0.1]]
16:44:39.712 [DEBUG] [org.gradle.cache.internal.DefaultFileLockManager] Waiting to acquire exclusive lock on daemon addresses registry.
16:44:39.713 [DEBUG] [org.gradle.cache.internal.DefaultFileLockManager] Lock acquired.
16:44:39.724 [DEBUG] [org.gradle.cache.internal.DefaultFileLockManager] Releasing lock on daemon addresses registry.
16:44:39.727 [DEBUG] [org.gradle.launcher.daemon.server.DaemonStateCoordinator] Daemon is idle, sleeping until state change or idle timeout at Fri Feb 28 16:45:39 CST 2014
16:44:39.728 [DEBUG] [org.gradle.launcher.daemon.server.DefaultIncomingConnectionHandler] Finishing executing command: Build{id=09699417-2d44-4a2b-af04-c952012c8b89.1, currentDir=/home/leo}
16:44:39.752 [DEBUG] [org.gradle.launcher.daemon.server.SynchronizedDispatchConnection] thread 21: received class org.gradle.launcher.daemon.protocol.Finished
16:44:39.753 [DEBUG] [org.gradle.launcher.daemon.server.DefaultDaemonConnection] Received non-IO message from client: org.gradle.launcher.daemon.protocol.Finished@1940e22
16:44:39.753 [DEBUG] [org.gradle.launcher.daemon.server.DefaultIncomingConnectionHandler] Received finished message: org.gradle.launcher.daemon.protocol.Finished@1940e22
16:44:39.754 [DEBUG] [org.gradle.launcher.daemon.server.SynchronizedDispatchConnection] thread 20: stopping connection
16:44:39.755 [DEBUG] [org.gradle.launcher.daemon.server.SynchronizedDispatchConnection] thread 21: received null
16:44:39.756 [DEBUG] [org.gradle.launcher.daemon.server.DefaultDaemonConnection] Received end-of-input from client.
16:44:39.757 [DEBUG] [org.gradle.launcher.daemon.server.SynchronizedDispatchConnection] thread 20: stopping connection
16:45:32.213 [DEBUG] [org.gradle.messaging.remote.internal.inet.TcpIncomingConnector] Accepted connection from /127.0.0.1:45563 to /127.0.0.1:47534.
16:45:32.241 [DEBUG] [org.gradle.launcher.daemon.server.SynchronizedDispatchConnection] thread 24: received class org.gradle.launcher.daemon.protocol.Build
16:45:32.242 [DEBUG] [org.gradle.launcher.daemon.server.DefaultDaemonConnection] Received non-IO message from client: Build{id=29ed8dae-6ab1-40eb-954f-ff5ef0704ae8.1, currentDir=/home/leo}
16:45:32.243 [INFO] [org.gradle.launcher.daemon.server.DefaultIncomingConnectionHandler] Received command: Build{id=29ed8dae-6ab1-40eb-954f-ff5ef0704ae8.1, currentDir=/home/leo}.
16:45:32.243 [DEBUG] [org.gradle.launcher.daemon.server.DefaultIncomingConnectionHandler] Starting executing command: Build{id=29ed8dae-6ab1-40eb-954f-ff5ef0704ae8.1, currentDir=/home/leo} with connection: socket connection at /127.0.0.1:47534 with /127.0.0.1:45563.
16:45:32.244 [DEBUG] [org.gradle.launcher.daemon.server.DaemonStateCoordinator] onStartCommand(DaemonCommandExecution[command = Build{id=29ed8dae-6ab1-40eb-954f-ff5ef0704ae8.1, currentDir=/home/leo}, connection = org.gradle.launcher.daemon.server.DefaultDaemonConnection@b76bbd]) called after 0.0 minutes of idle
16:45:32.245 [INFO] [org.gradle.launcher.daemon.server.DomainRegistryUpdater] Marking the daemon as busy, address: [e86a9978-f144-420c-8c9b-17ff53a8a92c port:47534, addresses:[/0:0:0:0:0:0:0:1%1, /127.0.0.1]]
16:45:32.246 [DEBUG] [org.gradle.launcher.daemon.registry.PersistentDaemonRegistry] Marking busy by address: [e86a9978-f144-420c-8c9b-17ff53a8a92c port:47534, addresses:[/0:0:0:0:0:0:0:1%1, /127.0.0.1]]
16:45:32.247 [DEBUG] [org.gradle.cache.internal.DefaultFileLockManager] Waiting to acquire exclusive lock on daemon addresses registry.
16:45:32.248 [DEBUG] [org.gradle.cache.internal.DefaultFileLockManager] Lock acquired.
16:45:32.253 [DEBUG] [org.gradle.cache.internal.DefaultFileLockManager] Releasing lock on daemon addresses registry.
16:45:32.254 [DEBUG] [org.gradle.launcher.daemon.server.DaemonStateCoordinator] updating lastActivityAt to 1393627532254
16:45:32.254 [DEBUG] [org.gradle.launcher.daemon.server.DaemonStateCoordinator] Daemon is busy, sleeping until state changes.
16:45:32.254 [INFO] [org.gradle.launcher.daemon.server.exec.StartBuildOrRespondWithBusy] Daemon is about to start building: Build{id=29ed8dae-6ab1-40eb-954f-ff5ef0704ae8.1, currentDir=/home/leo}. Dispatching build started information...
16:45:32.256 [DEBUG] [org.gradle.launcher.daemon.server.SynchronizedDispatchConnection] thread 20: dispatching class org.gradle.launcher.daemon.protocol.BuildStarted
16:45:32.258 [DEBUG] [org.gradle.launcher.daemon.server.exec.EstablishBuildEnvironment] Configuring env variables: {MDMSESSION=default, GNOME_KEYRING_CONTROL=/run/user/leo/keyring-TKzya2, SSH_AGENT_PID=1996, LC_TELEPHONE=es_MX.UTF-8, XFILESEARCHPATH=/usr/dt/app-defaults/%L/Dt, SESSION_MANAGER=local/leon:@/tmp/.ICE-unix/1914,unix/leon:/tmp/.ICE-unix/1914, GNOME_DESKTOP_SESSION_ID=this-is-deprecated, LC_NUMERIC=es_MX.UTF-8, LC_NAME=es_MX.UTF-8, XDG_SESSION_COOKIE=85ea98458b81142e84e2e74450c40df3-1393623011.26353-734296513, MANDATORY_PATH=/usr/share/gconf/default.mandatory.path, XDG_DATA_DIRS=/usr/share/default:/usr/share/gnome:/usr/local/share/:/usr/share/:/usr/share/mdm/, PWD=/home/leo, GIO_LAUNCHED_DESKTOP_FILE=/home/leo/.local/share/applications/jetbrains-android-studio.desktop, MDM_XSERVER_LOCATION=local, LOGNAME=leo, LC_PAPER=es_MX.UTF-8, GIO_LAUNCHED_DESKTOP_FILE_PID=2878, LC_IDENTIFICATION=es_MX.UTF-8, GPG_AGENT_INFO=/run/user/leo/keyring-TKzya2/gpg:0:1, GJS_DEBUG_TOPICS=JS ERROR;JS LOG, SSH_AUTH_SOCK=/run/user/leo/keyring-TKzya2/ssh, NLSPATH=/usr/dt/lib/nls/msg/%L/%N.cat, LD_LIBRARY_PATH=/home/leo/Documentos/Android/android-studio/bin:, DBUS_SESSION_BUS_ADDRESS=unix:abstract=/tmp/dbus-ZLhcHYLXF3,guid=a180f4da1111b663c32196db5310ffe3, LC_ADDRESS=es_MX.UTF-8, SHELL=/bin/bash, GNOME_KEYRING_PID=1837, CLASSPATH=/home/leo/Documentos/Android/android-studio/bin/../lib/bootstrap.jar:/home/leo/Documentos/Android/android-studio/bin/../lib/extensions.jar:/home/leo/Documentos/Android/android-studio/bin/../lib/util.jar:/home/leo/Documentos/Android/android-studio/bin/../lib/jdom.jar:/home/leo/Documentos/Android/android-studio/bin/../lib/log4j.jar:/home/leo/Documentos/Android/android-studio/bin/../lib/trove4j.jar:/home/leo/Documentos/Android/android-studio/bin/../lib/jna.jar:/usr/lib/jvm/java-7-oracle/lib/tools.jar, PATH=/usr/local/sbin:/usr/local/bin:/usr/sbin:/usr/bin:/sbin:/bin:/usr/games:/usr/local/games, XDG_CURRENT_DESKTOP=GNOME, XDG_CONFIG_DIRS=/etc/xdg/xdg-default:/etc/xdg, DESKTOP_SESSION=default, DISPLAY=:0, LC_MONETARY=es_MX.UTF-8, USER=leo, GJS_DEBUG_OUTPUT=stderr, HOME=/home/leo, XAUTHORITY=/home/leo/.Xauthority, WINDOWPATH=8, DEFAULTS_PATH=/usr/share/gconf/default.default.path, MDM_LANG=en_US.UTF-8, USERNAME=leo, LC_TIME=es_MX.UTF-8, LC_MEASUREMENT=es_MX.UTF-8, XDG_RUNTIME_DIR=/run/user/leo, LANG=en_US.UTF-8}
16:45:32.261 [INFO] [org.gradle.launcher.daemon.server.exec.LogToClient] About to start relaying all logs to the client via the connection.
16:45:32.262 [INFO] [org.gradle.launcher.daemon.server.exec.LogToClient] The client will now receive all logging from the daemon (pid: 7986). The daemon log file: /home/leo/Documents/beavlion dev /Apps/CircularImageView/gradle/daemon/1.10/daemon-7986.out.log
16:45:32.264 [INFO] [org.gradle.launcher.daemon.server.exec.ExecuteBuild] Executing build with daemon context: DefaultDaemonContext[uid=e65bb8ff-3ec4-45d3-b08f-86a874909cb4,javaHome=/usr/lib/jvm/java-7-oracle,daemonRegistryDir=/home/leo/Documents/beavlion dev /Apps/CircularImageView/gradle/daemon,pid=7986,idleTimeout=60000,daemonOpts=-XX:MaxPermSize=256m,-XX:+HeapDumpOnOutOfMemoryError,-Xmx1024m,-Dfile.encoding=UTF-8]
16:45:32.270 [DEBUG] [org.gradle.launcher.daemon.server.SynchronizedDispatchConnection] thread 24: received class org.gradle.launcher.daemon.protocol.CloseInput
16:45:32.271 [DEBUG] [org.gradle.launcher.daemon.server.DefaultDaemonConnection] Received IO message from client: CloseInput[id=29ed8dae-6ab1-40eb-954f-ff5ef0704ae8.2]
16:45:32.272 [INFO] [org.gradle.launcher.daemon.server.exec.ForwardClientInput] Closing daemon's stdin at end of input.
16:45:32.272 [INFO] [org.gradle.launcher.daemon.server.exec.ForwardClientInput] The daemon will no longer process any standard input.

FAILURE: Build failed with an exception.

* Where:
Script 'https://raw.github.com/chrisbanes/gradle-mvn-push/master/gradle-mvn-push.gradle' line: 48

* What went wrong:
A problem occurred configuring root project 'CircularImageView'.
> No such property: GROUP for class: org.gradle.api.publication.maven.internal.ant.DefaultGroovyMavenDeployer

* Try:
Run with --stacktrace option to get the stack trace. Run with --info or --debug option to get more log output.

BUILD FAILED

Total time: 5.62 secs
16:45:37.810 [DEBUG] [org.gradle.launcher.daemon.server.exec.ExecuteBuild] The daemon has finished executing the build.
16:45:37.811 [DEBUG] [org.gradle.launcher.daemon.server.exec.ReturnResult] Daemon is dispatching the build result: DaemonCommandResult[type=CommandFailure, value=org.gradle.launcher.exec.ReportedException: org.gradle.internal.exceptions.LocationAwareException: Script 'https://raw.github.com/chrisbanes/gradle-mvn-push/master/gradle-mvn-push.gradle' line: 48
A problem occurred configuring root project 'CircularImageView'.]
16:45:37.811 [DEBUG] [org.gradle.launcher.daemon.server.SynchronizedDispatchConnection] thread 20: dispatching class org.gradle.launcher.daemon.protocol.CommandFailure
16:45:37.871 [DEBUG] [org.gradle.launcher.daemon.server.DaemonStateCoordinator] onFinishCommand() called while execution = DaemonCommandExecution[command = Build{id=29ed8dae-6ab1-40eb-954f-ff5ef0704ae8.1, currentDir=/home/leo}, connection = org.gradle.launcher.daemon.server.DefaultDaemonConnection@b76bbd]
16:45:37.872 [DEBUG] [org.gradle.launcher.daemon.server.DaemonStateCoordinator] updating lastActivityAt to 1393627537872
16:45:37.877 [INFO] [org.gradle.launcher.daemon.server.DomainRegistryUpdater] Marking the daemon as idle, address: [e86a9978-f144-420c-8c9b-17ff53a8a92c port:47534, addresses:[/0:0:0:0:0:0:0:1%1, /127.0.0.1]]
16:45:37.878 [DEBUG] [org.gradle.launcher.daemon.registry.PersistentDaemonRegistry] Marking idle by address: [e86a9978-f144-420c-8c9b-17ff53a8a92c port:47534, addresses:[/0:0:0:0:0:0:0:1%1, /127.0.0.1]]
16:45:37.879 [DEBUG] [org.gradle.cache.internal.DefaultFileLockManager] Waiting to acquire exclusive lock on daemon addresses registry.
16:45:37.880 [DEBUG] [org.gradle.cache.internal.DefaultFileLockManager] Lock acquired.
16:45:37.894 [DEBUG] [org.gradle.cache.internal.DefaultFileLockManager] Releasing lock on daemon addresses registry.
16:45:37.895 [DEBUG] [org.gradle.launcher.daemon.server.DefaultIncomingConnectionHandler] Finishing executing command: Build{id=29ed8dae-6ab1-40eb-954f-ff5ef0704ae8.1, currentDir=/home/leo}
16:45:37.895 [DEBUG] [org.gradle.launcher.daemon.server.DaemonStateCoordinator] Daemon is idle, sleeping until state change or idle timeout at Fri Feb 28 16:46:37 CST 2014
16:45:37.911 [DEBUG] [org.gradle.launcher.daemon.server.SynchronizedDispatchConnection] thread 24: received class org.gradle.launcher.daemon.protocol.Finished
16:45:37.912 [DEBUG] [org.gradle.launcher.daemon.server.DefaultDaemonConnection] Received non-IO message from client: org.gradle.launcher.daemon.protocol.Finished@1c434b8
16:45:37.913 [DEBUG] [org.gradle.launcher.daemon.server.SynchronizedDispatchConnection] thread 24: received null
16:45:37.913 [DEBUG] [org.gradle.launcher.daemon.server.DefaultIncomingConnectionHandler] Received finished message: org.gradle.launcher.daemon.protocol.Finished@1c434b8
16:45:37.914 [DEBUG] [org.gradle.launcher.daemon.server.SynchronizedDispatchConnection] thread 20: stopping connection
16:45:37.916 [DEBUG] [org.gradle.launcher.daemon.server.DefaultDaemonConnection] Received end-of-input from client.
16:45:37.917 [DEBUG] [org.gradle.launcher.daemon.server.SynchronizedDispatchConnection] thread 20: stopping connection
16:45:54.358 [DEBUG] [org.gradle.messaging.remote.internal.inet.TcpIncomingConnector] Accepted connection from /127.0.0.1:45567 to /127.0.0.1:47534.
16:45:54.386 [DEBUG] [org.gradle.launcher.daemon.server.SynchronizedDispatchConnection] thread 28: received class org.gradle.launcher.daemon.protocol.Build
16:45:54.386 [DEBUG] [org.gradle.launcher.daemon.server.DefaultDaemonConnection] Received non-IO message from client: Build{id=ebde30f4-ecb7-4e9d-b8db-db5777fcb645.1, currentDir=/home/leo}
16:45:54.387 [INFO] [org.gradle.launcher.daemon.server.DefaultIncomingConnectionHandler] Received command: Build{id=ebde30f4-ecb7-4e9d-b8db-db5777fcb645.1, currentDir=/home/leo}.
16:45:54.388 [DEBUG] [org.gradle.launcher.daemon.server.DefaultIncomingConnectionHandler] Starting executing command: Build{id=ebde30f4-ecb7-4e9d-b8db-db5777fcb645.1, currentDir=/home/leo} with connection: socket connection at /127.0.0.1:47534 with /127.0.0.1:45567.
16:45:54.389 [DEBUG] [org.gradle.launcher.daemon.server.DaemonStateCoordinator] onStartCommand(DaemonCommandExecution[command = Build{id=ebde30f4-ecb7-4e9d-b8db-db5777fcb645.1, currentDir=/home/leo}, connection = org.gradle.launcher.daemon.server.DefaultDaemonConnection@c04e90]) called after 0.0 minutes of idle
16:45:54.391 [INFO] [org.gradle.launcher.daemon.server.DomainRegistryUpdater] Marking the daemon as busy, address: [e86a9978-f144-420c-8c9b-17ff53a8a92c port:47534, addresses:[/0:0:0:0:0:0:0:1%1, /127.0.0.1]]
16:45:54.392 [DEBUG] [org.gradle.launcher.daemon.registry.PersistentDaemonRegistry] Marking busy by address: [e86a9978-f144-420c-8c9b-17ff53a8a92c port:47534, addresses:[/0:0:0:0:0:0:0:1%1, /127.0.0.1]]
16:45:54.393 [DEBUG] [org.gradle.cache.internal.DefaultFileLockManager] Waiting to acquire exclusive lock on daemon addresses registry.
16:45:54.394 [DEBUG] [org.gradle.cache.internal.DefaultFileLockManager] Lock acquired.
16:45:54.403 [DEBUG] [org.gradle.cache.internal.DefaultFileLockManager] Releasing lock on daemon addresses registry.
16:45:54.403 [DEBUG] [org.gradle.launcher.daemon.server.DaemonStateCoordinator] updating lastActivityAt to 1393627554403
16:45:54.404 [DEBUG] [org.gradle.launcher.daemon.server.DaemonStateCoordinator] Daemon is busy, sleeping until state changes.
16:45:54.404 [INFO] [org.gradle.launcher.daemon.server.exec.StartBuildOrRespondWithBusy] Daemon is about to start building: Build{id=ebde30f4-ecb7-4e9d-b8db-db5777fcb645.1, currentDir=/home/leo}. Dispatching build started information...
16:45:54.408 [DEBUG] [org.gradle.launcher.daemon.server.SynchronizedDispatchConnection] thread 20: dispatching class org.gradle.launcher.daemon.protocol.BuildStarted
16:45:54.413 [DEBUG] [org.gradle.launcher.daemon.server.exec.EstablishBuildEnvironment] Configuring env variables: {MDMSESSION=default, GNOME_KEYRING_CONTROL=/run/user/leo/keyring-TKzya2, SSH_AGENT_PID=1996, LC_TELEPHONE=es_MX.UTF-8, XFILESEARCHPATH=/usr/dt/app-defaults/%L/Dt, SESSION_MANAGER=local/leon:@/tmp/.ICE-unix/1914,unix/leon:/tmp/.ICE-unix/1914, GNOME_DESKTOP_SESSION_ID=this-is-deprecated, LC_NUMERIC=es_MX.UTF-8, LC_NAME=es_MX.UTF-8, XDG_SESSION_COOKIE=85ea98458b81142e84e2e74450c40df3-1393623011.26353-734296513, MANDATORY_PATH=/usr/share/gconf/default.mandatory.path, XDG_DATA_DIRS=/usr/share/default:/usr/share/gnome:/usr/local/share/:/usr/share/:/usr/share/mdm/, PWD=/home/leo, GIO_LAUNCHED_DESKTOP_FILE=/home/leo/.local/share/applications/jetbrains-android-studio.desktop, MDM_XSERVER_LOCATION=local, LOGNAME=leo, LC_PAPER=es_MX.UTF-8, GIO_LAUNCHED_DESKTOP_FILE_PID=2878, LC_IDENTIFICATION=es_MX.UTF-8, GPG_AGENT_INFO=/run/user/leo/keyring-TKzya2/gpg:0:1, GJS_DEBUG_TOPICS=JS ERROR;JS LOG, SSH_AUTH_SOCK=/run/user/leo/keyring-TKzya2/ssh, NLSPATH=/usr/dt/lib/nls/msg/%L/%N.cat, LD_LIBRARY_PATH=/home/leo/Documentos/Android/android-studio/bin:, DBUS_SESSION_BUS_ADDRESS=unix:abstract=/tmp/dbus-ZLhcHYLXF3,guid=a180f4da1111b663c32196db5310ffe3, LC_ADDRESS=es_MX.UTF-8, SHELL=/bin/bash, GNOME_KEYRING_PID=1837, CLASSPATH=/home/leo/Documentos/Android/android-studio/bin/../lib/bootstrap.jar:/home/leo/Documentos/Android/android-studio/bin/../lib/extensions.jar:/home/leo/Documentos/Android/android-studio/bin/../lib/util.jar:/home/leo/Documentos/Android/android-studio/bin/../lib/jdom.jar:/home/leo/Documentos/Android/android-studio/bin/../lib/log4j.jar:/home/leo/Documentos/Android/android-studio/bin/../lib/trove4j.jar:/home/leo/Documentos/Android/android-studio/bin/../lib/jna.jar:/usr/lib/jvm/java-7-oracle/lib/tools.jar, PATH=/usr/local/sbin:/usr/local/bin:/usr/sbin:/usr/bin:/sbin:/bin:/usr/games:/usr/local/games, XDG_CURRENT_DESKTOP=GNOME, XDG_CONFIG_DIRS=/etc/xdg/xdg-default:/etc/xdg, DESKTOP_SESSION=default, DISPLAY=:0, LC_MONETARY=es_MX.UTF-8, USER=leo, GJS_DEBUG_OUTPUT=stderr, HOME=/home/leo, XAUTHORITY=/home/leo/.Xauthority, WINDOWPATH=8, DEFAULTS_PATH=/usr/share/gconf/default.default.path, MDM_LANG=en_US.UTF-8, USERNAME=leo, LC_TIME=es_MX.UTF-8, LC_MEASUREMENT=es_MX.UTF-8, XDG_RUNTIME_DIR=/run/user/leo, LANG=en_US.UTF-8}
16:45:54.415 [INFO] [org.gradle.launcher.daemon.server.exec.LogToClient] About to start relaying all logs to the client via the connection.
16:45:54.416 [INFO] [org.gradle.launcher.daemon.server.exec.LogToClient] The client will now receive all logging from the daemon (pid: 7986). The daemon log file: /home/leo/Documents/beavlion dev /Apps/CircularImageView/gradle/daemon/1.10/daemon-7986.out.log
16:45:54.419 [DEBUG] [org.gradle.launcher.daemon.server.SynchronizedDispatchConnection] thread 28: received class org.gradle.launcher.daemon.protocol.CloseInput
16:45:54.420 [DEBUG] [org.gradle.launcher.daemon.server.DefaultDaemonConnection] Received IO message from client: CloseInput[id=ebde30f4-ecb7-4e9d-b8db-db5777fcb645.2]
16:45:54.421 [INFO] [org.gradle.launcher.daemon.server.exec.ExecuteBuild] Executing build with daemon context: DefaultDaemonContext[uid=e65bb8ff-3ec4-45d3-b08f-86a874909cb4,javaHome=/usr/lib/jvm/java-7-oracle,daemonRegistryDir=/home/leo/Documents/beavlion dev /Apps/CircularImageView/gradle/daemon,pid=7986,idleTimeout=60000,daemonOpts=-XX:MaxPermSize=256m,-XX:+HeapDumpOnOutOfMemoryError,-Xmx1024m,-Dfile.encoding=UTF-8]
16:45:54.422 [INFO] [org.gradle.launcher.daemon.server.exec.ForwardClientInput] Closing daemon's stdin at end of input.
16:45:54.423 [INFO] [org.gradle.launcher.daemon.server.exec.ForwardClientInput] The daemon will no longer process any standard input.

FAILURE: Build failed with an exception.

* Where:
Build file '/home/leo/Documents/beavlion dev /Apps/CircularImageView/build.gradle' line: 17

* What went wrong:
A problem occurred evaluating root project 'CircularImageView'.
> Could not read script 'https://raw.github.com/chrisbanes/gradle-mvn-push/master/gradle-mvn-push.gradle'.
   > Connection timed out

* Try:
Run with --stacktrace option to get the stack trace. Run with --info or --debug option to get more log output.

BUILD FAILED

Total time: 1 mins 5.822 secs
16:47:00.139 [DEBUG] [org.gradle.launcher.daemon.server.exec.ExecuteBuild] The daemon has finished executing the build.
16:47:00.140 [DEBUG] [org.gradle.launcher.daemon.server.exec.ReturnResult] Daemon is dispatching the build result: DaemonCommandResult[type=CommandFailure, value=org.gradle.launcher.exec.ReportedException: org.gradle.internal.exceptions.LocationAwareException: Build file '/home/leo/Documents/beavlion dev /Apps/CircularImageView/build.gradle' line: 17
A problem occurred evaluating root project 'CircularImageView'.]
16:47:00.141 [DEBUG] [org.gradle.launcher.daemon.server.SynchronizedDispatchConnection] thread 20: dispatching class org.gradle.launcher.daemon.protocol.CommandFailure
16:47:00.200 [DEBUG] [org.gradle.launcher.daemon.server.DaemonStateCoordinator] onFinishCommand() called while execution = DaemonCommandExecution[command = Build{id=ebde30f4-ecb7-4e9d-b8db-db5777fcb645.1, currentDir=/home/leo}, connection = org.gradle.launcher.daemon.server.DefaultDaemonConnection@c04e90]
16:47:00.201 [DEBUG] [org.gradle.launcher.daemon.server.DaemonStateCoordinator] updating lastActivityAt to 1393627620201
16:47:00.202 [INFO] [org.gradle.launcher.daemon.server.DomainRegistryUpdater] Marking the daemon as idle, address: [e86a9978-f144-420c-8c9b-17ff53a8a92c port:47534, addresses:[/0:0:0:0:0:0:0:1%1, /127.0.0.1]]
16:47:00.205 [DEBUG] [org.gradle.launcher.daemon.registry.PersistentDaemonRegistry] Marking idle by address: [e86a9978-f144-420c-8c9b-17ff53a8a92c port:47534, addresses:[/0:0:0:0:0:0:0:1%1, /127.0.0.1]]
16:47:00.206 [DEBUG] [org.gradle.cache.internal.DefaultFileLockManager] Waiting to acquire exclusive lock on daemon addresses registry.
16:47:00.207 [DEBUG] [org.gradle.cache.internal.DefaultFileLockManager] Lock acquired.
16:47:00.224 [DEBUG] [org.gradle.cache.internal.DefaultFileLockManager] Releasing lock on daemon addresses registry.
16:47:00.629 [DEBUG] [org.gradle.launcher.daemon.server.SynchronizedDispatchConnection] thread 28: received class org.gradle.launcher.daemon.protocol.Finished
16:47:00.631 [DEBUG] [org.gradle.launcher.daemon.server.DaemonStateCoordinator] Daemon is idle, sleeping until state change or idle timeout at Fri Feb 28 16:48:00 CST 2014
16:47:00.629 [DEBUG] [org.gradle.launcher.daemon.server.DefaultIncomingConnectionHandler] Finishing executing command: Build{id=ebde30f4-ecb7-4e9d-b8db-db5777fcb645.1, currentDir=/home/leo}
16:47:00.633 [DEBUG] [org.gradle.launcher.daemon.server.DefaultDaemonConnection] Received non-IO message from client: org.gradle.launcher.daemon.protocol.Finished@18e0daa
16:47:00.642 [DEBUG] [org.gradle.launcher.daemon.server.DefaultIncomingConnectionHandler] Received finished message: org.gradle.launcher.daemon.protocol.Finished@18e0daa
16:47:00.643 [DEBUG] [org.gradle.launcher.daemon.server.SynchronizedDispatchConnection] thread 20: stopping connection
16:47:00.652 [DEBUG] [org.gradle.launcher.daemon.server.SynchronizedDispatchConnection] thread 28: received null
16:47:00.654 [DEBUG] [org.gradle.launcher.daemon.server.DefaultDaemonConnection] Received end-of-input from client.
16:47:00.658 [DEBUG] [org.gradle.launcher.daemon.server.SynchronizedDispatchConnection] thread 20: stopping connection
16:47:31.873 [DEBUG] [org.gradle.messaging.remote.internal.inet.TcpIncomingConnector] Accepted connection from /127.0.0.1:45571 to /127.0.0.1:47534.
16:47:31.892 [DEBUG] [org.gradle.launcher.daemon.server.SynchronizedDispatchConnection] thread 30: received class org.gradle.launcher.daemon.protocol.Build
16:47:31.893 [DEBUG] [org.gradle.launcher.daemon.server.DefaultDaemonConnection] Received non-IO message from client: Build{id=1f49f16a-2549-4036-8326-b137492d5a19.1, currentDir=/home/leo}
16:47:31.893 [INFO] [org.gradle.launcher.daemon.server.DefaultIncomingConnectionHandler] Received command: Build{id=1f49f16a-2549-4036-8326-b137492d5a19.1, currentDir=/home/leo}.
16:47:31.894 [DEBUG] [org.gradle.launcher.daemon.server.DefaultIncomingConnectionHandler] Starting executing command: Build{id=1f49f16a-2549-4036-8326-b137492d5a19.1, currentDir=/home/leo} with connection: socket connection at /127.0.0.1:47534 with /127.0.0.1:45571.
16:47:31.895 [DEBUG] [org.gradle.launcher.daemon.server.DaemonStateCoordinator] onStartCommand(DaemonCommandExecution[command = Build{id=1f49f16a-2549-4036-8326-b137492d5a19.1, currentDir=/home/leo}, connection = org.gradle.launcher.daemon.server.DefaultDaemonConnection@14ad229]) called after 0.0 minutes of idle
16:47:31.895 [INFO] [org.gradle.launcher.daemon.server.DomainRegistryUpdater] Marking the daemon as busy, address: [e86a9978-f144-420c-8c9b-17ff53a8a92c port:47534, addresses:[/0:0:0:0:0:0:0:1%1, /127.0.0.1]]
16:47:31.896 [DEBUG] [org.gradle.launcher.daemon.registry.PersistentDaemonRegistry] Marking busy by address: [e86a9978-f144-420c-8c9b-17ff53a8a92c port:47534, addresses:[/0:0:0:0:0:0:0:1%1, /127.0.0.1]]
16:47:31.897 [DEBUG] [org.gradle.cache.internal.DefaultFileLockManager] Waiting to acquire exclusive lock on daemon addresses registry.
16:47:31.897 [DEBUG] [org.gradle.cache.internal.DefaultFileLockManager] Lock acquired.
16:47:31.902 [DEBUG] [org.gradle.cache.internal.DefaultFileLockManager] Releasing lock on daemon addresses registry.
16:47:31.903 [DEBUG] [org.gradle.launcher.daemon.server.DaemonStateCoordinator] updating lastActivityAt to 1393627651903
16:47:31.903 [DEBUG] [org.gradle.launcher.daemon.server.DaemonStateCoordinator] Daemon is busy, sleeping until state changes.
16:47:31.904 [INFO] [org.gradle.launcher.daemon.server.exec.StartBuildOrRespondWithBusy] Daemon is about to start building: Build{id=1f49f16a-2549-4036-8326-b137492d5a19.1, currentDir=/home/leo}. Dispatching build started information...
16:47:31.905 [DEBUG] [org.gradle.launcher.daemon.server.SynchronizedDispatchConnection] thread 20: dispatching class org.gradle.launcher.daemon.protocol.BuildStarted
16:47:31.907 [DEBUG] [org.gradle.launcher.daemon.server.exec.EstablishBuildEnvironment] Configuring env variables: {MDMSESSION=default, GNOME_KEYRING_CONTROL=/run/user/leo/keyring-TKzya2, SSH_AGENT_PID=1996, LC_TELEPHONE=es_MX.UTF-8, XFILESEARCHPATH=/usr/dt/app-defaults/%L/Dt, SESSION_MANAGER=local/leon:@/tmp/.ICE-unix/1914,unix/leon:/tmp/.ICE-unix/1914, GNOME_DESKTOP_SESSION_ID=this-is-deprecated, LC_NUMERIC=es_MX.UTF-8, LC_NAME=es_MX.UTF-8, XDG_SESSION_COOKIE=85ea98458b81142e84e2e74450c40df3-1393623011.26353-734296513, MANDATORY_PATH=/usr/share/gconf/default.mandatory.path, XDG_DATA_DIRS=/usr/share/default:/usr/share/gnome:/usr/local/share/:/usr/share/:/usr/share/mdm/, PWD=/home/leo, GIO_LAUNCHED_DESKTOP_FILE=/home/leo/.local/share/applications/jetbrains-android-studio.desktop, MDM_XSERVER_LOCATION=local, LOGNAME=leo, LC_PAPER=es_MX.UTF-8, GIO_LAUNCHED_DESKTOP_FILE_PID=2878, LC_IDENTIFICATION=es_MX.UTF-8, GPG_AGENT_INFO=/run/user/leo/keyring-TKzya2/gpg:0:1, GJS_DEBUG_TOPICS=JS ERROR;JS LOG, SSH_AUTH_SOCK=/run/user/leo/keyring-TKzya2/ssh, NLSPATH=/usr/dt/lib/nls/msg/%L/%N.cat, LD_LIBRARY_PATH=/home/leo/Documentos/Android/android-studio/bin:, DBUS_SESSION_BUS_ADDRESS=unix:abstract=/tmp/dbus-ZLhcHYLXF3,guid=a180f4da1111b663c32196db5310ffe3, LC_ADDRESS=es_MX.UTF-8, SHELL=/bin/bash, GNOME_KEYRING_PID=1837, CLASSPATH=/home/leo/Documentos/Android/android-studio/bin/../lib/bootstrap.jar:/home/leo/Documentos/Android/android-studio/bin/../lib/extensions.jar:/home/leo/Documentos/Android/android-studio/bin/../lib/util.jar:/home/leo/Documentos/Android/android-studio/bin/../lib/jdom.jar:/home/leo/Documentos/Android/android-studio/bin/../lib/log4j.jar:/home/leo/Documentos/Android/android-studio/bin/../lib/trove4j.jar:/home/leo/Documentos/Android/android-studio/bin/../lib/jna.jar:/usr/lib/jvm/java-7-oracle/lib/tools.jar, PATH=/usr/local/sbin:/usr/local/bin:/usr/sbin:/usr/bin:/sbin:/bin:/usr/games:/usr/local/games, XDG_CURRENT_DESKTOP=GNOME, XDG_CONFIG_DIRS=/etc/xdg/xdg-default:/etc/xdg, DESKTOP_SESSION=default, DISPLAY=:0, LC_MONETARY=es_MX.UTF-8, USER=leo, GJS_DEBUG_OUTPUT=stderr, HOME=/home/leo, XAUTHORITY=/home/leo/.Xauthority, WINDOWPATH=8, DEFAULTS_PATH=/usr/share/gconf/default.default.path, MDM_LANG=en_US.UTF-8, USERNAME=leo, LC_TIME=es_MX.UTF-8, LC_MEASUREMENT=es_MX.UTF-8, XDG_RUNTIME_DIR=/run/user/leo, LANG=en_US.UTF-8}
16:47:31.913 [INFO] [org.gradle.launcher.daemon.server.exec.LogToClient] About to start relaying all logs to the client via the connection.
16:47:31.914 [INFO] [org.gradle.launcher.daemon.server.exec.LogToClient] The client will now receive all logging from the daemon (pid: 7986). The daemon log file: /home/leo/Documents/beavlion dev /Apps/CircularImageView/gradle/daemon/1.10/daemon-7986.out.log
16:47:31.915 [INFO] [org.gradle.launcher.daemon.server.exec.ExecuteBuild] Executing build with daemon context: DefaultDaemonContext[uid=e65bb8ff-3ec4-45d3-b08f-86a874909cb4,javaHome=/usr/lib/jvm/java-7-oracle,daemonRegistryDir=/home/leo/Documents/beavlion dev /Apps/CircularImageView/gradle/daemon,pid=7986,idleTimeout=60000,daemonOpts=-XX:MaxPermSize=256m,-XX:+HeapDumpOnOutOfMemoryError,-Xmx1024m,-Dfile.encoding=UTF-8]
16:47:31.915 [DEBUG] [org.gradle.launcher.daemon.server.SynchronizedDispatchConnection] thread 30: received class org.gradle.launcher.daemon.protocol.CloseInput
16:47:31.918 [DEBUG] [org.gradle.launcher.daemon.server.DefaultDaemonConnection] Received IO message from client: CloseInput[id=1f49f16a-2549-4036-8326-b137492d5a19.2]
16:47:31.919 [INFO] [org.gradle.launcher.daemon.server.exec.ForwardClientInput] Closing daemon's stdin at end of input.
16:47:31.920 [INFO] [org.gradle.launcher.daemon.server.exec.ForwardClientInput] The daemon will no longer process any standard input.

FAILURE: Build failed with an exception.

* Where:
Script 'https://raw.github.com/chrisbanes/gradle-mvn-push/master/gradle-mvn-push.gradle' line: 48

* What went wrong:
A problem occurred configuring root project 'CircularImageView'.
> No such property: GROUP for class: org.gradle.api.publication.maven.internal.ant.DefaultGroovyMavenDeployer

* Try:
Run with --stacktrace option to get the stack trace. Run with --info or --debug option to get more log output.

BUILD FAILED

Total time: 0.981 secs
16:47:32.805 [DEBUG] [org.gradle.launcher.daemon.server.exec.ExecuteBuild] The daemon has finished executing the build.
16:47:32.806 [DEBUG] [org.gradle.launcher.daemon.server.exec.ReturnResult] Daemon is dispatching the build result: DaemonCommandResult[type=CommandFailure, value=org.gradle.launcher.exec.ReportedException: org.gradle.internal.exceptions.LocationAwareException: Script 'https://raw.github.com/chrisbanes/gradle-mvn-push/master/gradle-mvn-push.gradle' line: 48
A problem occurred configuring root project 'CircularImageView'.]
16:47:32.813 [DEBUG] [org.gradle.launcher.daemon.server.SynchronizedDispatchConnection] thread 20: dispatching class org.gradle.launcher.daemon.protocol.CommandFailure
16:47:32.846 [DEBUG] [org.gradle.launcher.daemon.server.DaemonStateCoordinator] onFinishCommand() called while execution = DaemonCommandExecution[command = Build{id=1f49f16a-2549-4036-8326-b137492d5a19.1, currentDir=/home/leo}, connection = org.gradle.launcher.daemon.server.DefaultDaemonConnection@14ad229]
16:47:32.847 [DEBUG] [org.gradle.launcher.daemon.server.DaemonStateCoordinator] updating lastActivityAt to 1393627652847
16:47:32.850 [INFO] [org.gradle.launcher.daemon.server.DomainRegistryUpdater] Marking the daemon as idle, address: [e86a9978-f144-420c-8c9b-17ff53a8a92c port:47534, addresses:[/0:0:0:0:0:0:0:1%1, /127.0.0.1]]
16:47:32.853 [DEBUG] [org.gradle.launcher.daemon.registry.PersistentDaemonRegistry] Marking idle by address: [e86a9978-f144-420c-8c9b-17ff53a8a92c port:47534, addresses:[/0:0:0:0:0:0:0:1%1, /127.0.0.1]]
16:47:32.856 [DEBUG] [org.gradle.cache.internal.DefaultFileLockManager] Waiting to acquire exclusive lock on daemon addresses registry.
16:47:32.859 [DEBUG] [org.gradle.cache.internal.DefaultFileLockManager] Lock acquired.
16:47:32.864 [DEBUG] [org.gradle.cache.internal.DefaultFileLockManager] Releasing lock on daemon addresses registry.
16:47:32.865 [DEBUG] [org.gradle.launcher.daemon.server.DefaultIncomingConnectionHandler] Finishing executing command: Build{id=1f49f16a-2549-4036-8326-b137492d5a19.1, currentDir=/home/leo}
16:47:32.865 [DEBUG] [org.gradle.launcher.daemon.server.DaemonStateCoordinator] Daemon is idle, sleeping until state change or idle timeout at Fri Feb 28 16:48:32 CST 2014
16:47:32.894 [DEBUG] [org.gradle.launcher.daemon.server.SynchronizedDispatchConnection] thread 30: received class org.gradle.launcher.daemon.protocol.Finished
16:47:32.894 [DEBUG] [org.gradle.launcher.daemon.server.DefaultDaemonConnection] Received non-IO message from client: org.gradle.launcher.daemon.protocol.Finished@7623ab
16:47:32.895 [DEBUG] [org.gradle.launcher.daemon.server.DefaultIncomingConnectionHandler] Received finished message: org.gradle.launcher.daemon.protocol.Finished@7623ab
16:47:32.896 [DEBUG] [org.gradle.launcher.daemon.server.SynchronizedDispatchConnection] thread 20: stopping connection
16:47:32.898 [DEBUG] [org.gradle.launcher.daemon.server.SynchronizedDispatchConnection] thread 30: received null
16:47:32.899 [DEBUG] [org.gradle.launcher.daemon.server.DefaultDaemonConnection] Received end-of-input from client.
16:47:32.900 [DEBUG] [org.gradle.launcher.daemon.server.SynchronizedDispatchConnection] thread 20: stopping connection
16:47:36.977 [DEBUG] [org.gradle.messaging.remote.internal.inet.TcpIncomingConnector] Accepted connection from /127.0.0.1:45573 to /127.0.0.1:47534.
16:47:36.991 [DEBUG] [org.gradle.launcher.daemon.server.SynchronizedDispatchConnection] thread 34: received class org.gradle.launcher.daemon.protocol.Build
16:47:36.991 [DEBUG] [org.gradle.launcher.daemon.server.DefaultDaemonConnection] Received non-IO message from client: Build{id=fae951b4-cf8e-4375-8d3f-007b285f013b.1, currentDir=/home/leo}
16:47:36.993 [INFO] [org.gradle.launcher.daemon.server.DefaultIncomingConnectionHandler] Received command: Build{id=fae951b4-cf8e-4375-8d3f-007b285f013b.1, currentDir=/home/leo}.
16:47:36.994 [DEBUG] [org.gradle.launcher.daemon.server.DefaultIncomingConnectionHandler] Starting executing command: Build{id=fae951b4-cf8e-4375-8d3f-007b285f013b.1, currentDir=/home/leo} with connection: socket connection at /127.0.0.1:47534 with /127.0.0.1:45573.
16:47:36.995 [DEBUG] [org.gradle.launcher.daemon.server.DaemonStateCoordinator] onStartCommand(DaemonCommandExecution[command = Build{id=fae951b4-cf8e-4375-8d3f-007b285f013b.1, currentDir=/home/leo}, connection = org.gradle.launcher.daemon.server.DefaultDaemonConnection@16994db]) called after 0.0 minutes of idle
16:47:36.996 [INFO] [org.gradle.launcher.daemon.server.DomainRegistryUpdater] Marking the daemon as busy, address: [e86a9978-f144-420c-8c9b-17ff53a8a92c port:47534, addresses:[/0:0:0:0:0:0:0:1%1, /127.0.0.1]]
16:47:36.996 [DEBUG] [org.gradle.launcher.daemon.registry.PersistentDaemonRegistry] Marking busy by address: [e86a9978-f144-420c-8c9b-17ff53a8a92c port:47534, addresses:[/0:0:0:0:0:0:0:1%1, /127.0.0.1]]
16:47:36.997 [DEBUG] [org.gradle.cache.internal.DefaultFileLockManager] Waiting to acquire exclusive lock on daemon addresses registry.
16:47:36.998 [DEBUG] [org.gradle.cache.internal.DefaultFileLockManager] Lock acquired.
16:47:37.001 [DEBUG] [org.gradle.cache.internal.DefaultFileLockManager] Releasing lock on daemon addresses registry.
16:47:37.002 [DEBUG] [org.gradle.launcher.daemon.server.DaemonStateCoordinator] updating lastActivityAt to 1393627657002
16:47:37.003 [DEBUG] [org.gradle.launcher.daemon.server.DaemonStateCoordinator] Daemon is busy, sleeping until state changes.
16:47:37.003 [INFO] [org.gradle.launcher.daemon.server.exec.StartBuildOrRespondWithBusy] Daemon is about to start building: Build{id=fae951b4-cf8e-4375-8d3f-007b285f013b.1, currentDir=/home/leo}. Dispatching build started information...
16:47:37.004 [DEBUG] [org.gradle.launcher.daemon.server.SynchronizedDispatchConnection] thread 20: dispatching class org.gradle.launcher.daemon.protocol.BuildStarted
16:47:37.005 [DEBUG] [org.gradle.launcher.daemon.server.exec.EstablishBuildEnvironment] Configuring env variables: {MDMSESSION=default, GNOME_KEYRING_CONTROL=/run/user/leo/keyring-TKzya2, SSH_AGENT_PID=1996, LC_TELEPHONE=es_MX.UTF-8, XFILESEARCHPATH=/usr/dt/app-defaults/%L/Dt, SESSION_MANAGER=local/leon:@/tmp/.ICE-unix/1914,unix/leon:/tmp/.ICE-unix/1914, GNOME_DESKTOP_SESSION_ID=this-is-deprecated, LC_NUMERIC=es_MX.UTF-8, LC_NAME=es_MX.UTF-8, XDG_SESSION_COOKIE=85ea98458b81142e84e2e74450c40df3-1393623011.26353-734296513, MANDATORY_PATH=/usr/share/gconf/default.mandatory.path, XDG_DATA_DIRS=/usr/share/default:/usr/share/gnome:/usr/local/share/:/usr/share/:/usr/share/mdm/, PWD=/home/leo, GIO_LAUNCHED_DESKTOP_FILE=/home/leo/.local/share/applications/jetbrains-android-studio.desktop, MDM_XSERVER_LOCATION=local, LOGNAME=leo, LC_PAPER=es_MX.UTF-8, GIO_LAUNCHED_DESKTOP_FILE_PID=2878, LC_IDENTIFICATION=es_MX.UTF-8, GPG_AGENT_INFO=/run/user/leo/keyring-TKzya2/gpg:0:1, GJS_DEBUG_TOPICS=JS ERROR;JS LOG, SSH_AUTH_SOCK=/run/user/leo/keyring-TKzya2/ssh, NLSPATH=/usr/dt/lib/nls/msg/%L/%N.cat, LD_LIBRARY_PATH=/home/leo/Documentos/Android/android-studio/bin:, DBUS_SESSION_BUS_ADDRESS=unix:abstract=/tmp/dbus-ZLhcHYLXF3,guid=a180f4da1111b663c32196db5310ffe3, LC_ADDRESS=es_MX.UTF-8, SHELL=/bin/bash, GNOME_KEYRING_PID=1837, CLASSPATH=/home/leo/Documentos/Android/android-studio/bin/../lib/bootstrap.jar:/home/leo/Documentos/Android/android-studio/bin/../lib/extensions.jar:/home/leo/Documentos/Android/android-studio/bin/../lib/util.jar:/home/leo/Documentos/Android/android-studio/bin/../lib/jdom.jar:/home/leo/Documentos/Android/android-studio/bin/../lib/log4j.jar:/home/leo/Documentos/Android/android-studio/bin/../lib/trove4j.jar:/home/leo/Documentos/Android/android-studio/bin/../lib/jna.jar:/usr/lib/jvm/java-7-oracle/lib/tools.jar, PATH=/usr/local/sbin:/usr/local/bin:/usr/sbin:/usr/bin:/sbin:/bin:/usr/games:/usr/local/games, XDG_CURRENT_DESKTOP=GNOME, XDG_CONFIG_DIRS=/etc/xdg/xdg-default:/etc/xdg, DESKTOP_SESSION=default, DISPLAY=:0, LC_MONETARY=es_MX.UTF-8, USER=leo, GJS_DEBUG_OUTPUT=stderr, HOME=/home/leo, XAUTHORITY=/home/leo/.Xauthority, WINDOWPATH=8, DEFAULTS_PATH=/usr/share/gconf/default.default.path, MDM_LANG=en_US.UTF-8, USERNAME=leo, LC_TIME=es_MX.UTF-8, LC_MEASUREMENT=es_MX.UTF-8, XDG_RUNTIME_DIR=/run/user/leo, LANG=en_US.UTF-8}
16:47:37.008 [INFO] [org.gradle.launcher.daemon.server.exec.LogToClient] About to start relaying all logs to the client via the connection.
16:47:37.008 [INFO] [org.gradle.launcher.daemon.server.exec.LogToClient] The client will now receive all logging from the daemon (pid: 7986). The daemon log file: /home/leo/Documents/beavlion dev /Apps/CircularImageView/gradle/daemon/1.10/daemon-7986.out.log
16:47:37.011 [INFO] [org.gradle.launcher.daemon.server.exec.ExecuteBuild] Executing build with daemon context: DefaultDaemonContext[uid=e65bb8ff-3ec4-45d3-b08f-86a874909cb4,javaHome=/usr/lib/jvm/java-7-oracle,daemonRegistryDir=/home/leo/Documents/beavlion dev /Apps/CircularImageView/gradle/daemon,pid=7986,idleTimeout=60000,daemonOpts=-XX:MaxPermSize=256m,-XX:+HeapDumpOnOutOfMemoryError,-Xmx1024m,-Dfile.encoding=UTF-8]
16:47:37.016 [DEBUG] [org.gradle.launcher.daemon.server.SynchronizedDispatchConnection] thread 34: received class org.gradle.launcher.daemon.protocol.CloseInput
16:47:37.017 [DEBUG] [org.gradle.launcher.daemon.server.DefaultDaemonConnection] Received IO message from client: CloseInput[id=fae951b4-cf8e-4375-8d3f-007b285f013b.2]
16:47:37.021 [INFO] [org.gradle.launcher.daemon.server.exec.ForwardClientInput] Closing daemon's stdin at end of input.
16:47:37.021 [INFO] [org.gradle.launcher.daemon.server.exec.ForwardClientInput] The daemon will no longer process any standard input.

FAILURE: Build failed with an exception.

* Where:
Script 'https://raw.github.com/chrisbanes/gradle-mvn-push/master/gradle-mvn-push.gradle' line: 48

* What went wrong:
A problem occurred configuring root project 'CircularImageView'.
> No such property: GROUP for class: org.gradle.api.publication.maven.internal.ant.DefaultGroovyMavenDeployer

* Try:
Run with --stacktrace option to get the stack trace. Run with --info or --debug option to get more log output.

BUILD FAILED

Total time: 0.843 secs
16:47:37.796 [DEBUG] [org.gradle.launcher.daemon.server.exec.ExecuteBuild] The daemon has finished executing the build.
16:47:37.797 [DEBUG] [org.gradle.launcher.daemon.server.exec.ReturnResult] Daemon is dispatching the build result: DaemonCommandResult[type=CommandFailure, value=org.gradle.launcher.exec.ReportedException: org.gradle.internal.exceptions.LocationAwareException: Script 'https://raw.github.com/chrisbanes/gradle-mvn-push/master/gradle-mvn-push.gradle' line: 48
A problem occurred configuring root project 'CircularImageView'.]
16:47:37.797 [DEBUG] [org.gradle.launcher.daemon.server.SynchronizedDispatchConnection] thread 20: dispatching class org.gradle.launcher.daemon.protocol.CommandFailure
16:47:37.827 [DEBUG] [org.gradle.launcher.daemon.server.DaemonStateCoordinator] onFinishCommand() called while execution = DaemonCommandExecution[command = Build{id=fae951b4-cf8e-4375-8d3f-007b285f013b.1, currentDir=/home/leo}, connection = org.gradle.launcher.daemon.server.DefaultDaemonConnection@16994db]
16:47:37.828 [DEBUG] [org.gradle.launcher.daemon.server.DaemonStateCoordinator] updating lastActivityAt to 1393627657828
16:47:37.828 [INFO] [org.gradle.launcher.daemon.server.DomainRegistryUpdater] Marking the daemon as idle, address: [e86a9978-f144-420c-8c9b-17ff53a8a92c port:47534, addresses:[/0:0:0:0:0:0:0:1%1, /127.0.0.1]]
16:47:37.833 [DEBUG] [org.gradle.launcher.daemon.registry.PersistentDaemonRegistry] Marking idle by address: [e86a9978-f144-420c-8c9b-17ff53a8a92c port:47534, addresses:[/0:0:0:0:0:0:0:1%1, /127.0.0.1]]
16:47:37.836 [DEBUG] [org.gradle.cache.internal.DefaultFileLockManager] Waiting to acquire exclusive lock on daemon addresses registry.
16:47:37.837 [DEBUG] [org.gradle.cache.internal.DefaultFileLockManager] Lock acquired.
16:47:37.846 [DEBUG] [org.gradle.cache.internal.DefaultFileLockManager] Releasing lock on daemon addresses registry.
16:47:37.849 [DEBUG] [org.gradle.launcher.daemon.server.DaemonStateCoordinator] Daemon is idle, sleeping until state change or idle timeout at Fri Feb 28 16:48:37 CST 2014
16:47:37.851 [DEBUG] [org.gradle.launcher.daemon.server.DefaultIncomingConnectionHandler] Finishing executing command: Build{id=fae951b4-cf8e-4375-8d3f-007b285f013b.1, currentDir=/home/leo}
16:47:37.878 [DEBUG] [org.gradle.launcher.daemon.server.SynchronizedDispatchConnection] thread 34: received class org.gradle.launcher.daemon.protocol.Finished
16:47:37.879 [DEBUG] [org.gradle.launcher.daemon.server.DefaultDaemonConnection] Received non-IO message from client: org.gradle.launcher.daemon.protocol.Finished@1a69dd2
16:47:37.879 [DEBUG] [org.gradle.launcher.daemon.server.DefaultIncomingConnectionHandler] Received finished message: org.gradle.launcher.daemon.protocol.Finished@1a69dd2
16:47:37.880 [DEBUG] [org.gradle.launcher.daemon.server.SynchronizedDispatchConnection] thread 20: stopping connection
16:47:37.881 [DEBUG] [org.gradle.launcher.daemon.server.SynchronizedDispatchConnection] thread 34: received null
16:47:37.882 [DEBUG] [org.gradle.launcher.daemon.server.DefaultDaemonConnection] Received end-of-input from client.
16:47:37.883 [DEBUG] [org.gradle.launcher.daemon.server.SynchronizedDispatchConnection] thread 20: stopping connection
16:47:46.972 [DEBUG] [org.gradle.messaging.remote.internal.inet.TcpIncomingConnector] Accepted connection from /127.0.0.1:45574 to /127.0.0.1:47534.
16:47:46.993 [DEBUG] [org.gradle.launcher.daemon.server.SynchronizedDispatchConnection] thread 36: received class org.gradle.launcher.daemon.protocol.Build
16:47:46.996 [DEBUG] [org.gradle.launcher.daemon.server.DefaultDaemonConnection] Received non-IO message from client: Build{id=9880e096-7811-4218-9960-5f677d900e45.1, currentDir=/home/leo}
16:47:46.996 [INFO] [org.gradle.launcher.daemon.server.DefaultIncomingConnectionHandler] Received command: Build{id=9880e096-7811-4218-9960-5f677d900e45.1, currentDir=/home/leo}.
16:47:46.999 [DEBUG] [org.gradle.launcher.daemon.server.DefaultIncomingConnectionHandler] Starting executing command: Build{id=9880e096-7811-4218-9960-5f677d900e45.1, currentDir=/home/leo} with connection: socket connection at /127.0.0.1:47534 with /127.0.0.1:45574.
16:47:47.000 [DEBUG] [org.gradle.launcher.daemon.server.DaemonStateCoordinator] onStartCommand(DaemonCommandExecution[command = Build{id=9880e096-7811-4218-9960-5f677d900e45.1, currentDir=/home/leo}, connection = org.gradle.launcher.daemon.server.DefaultDaemonConnection@9f750]) called after 0.0 minutes of idle
16:47:47.000 [INFO] [org.gradle.launcher.daemon.server.DomainRegistryUpdater] Marking the daemon as busy, address: [e86a9978-f144-420c-8c9b-17ff53a8a92c port:47534, addresses:[/0:0:0:0:0:0:0:1%1, /127.0.0.1]]
16:47:47.001 [DEBUG] [org.gradle.launcher.daemon.registry.PersistentDaemonRegistry] Marking busy by address: [e86a9978-f144-420c-8c9b-17ff53a8a92c port:47534, addresses:[/0:0:0:0:0:0:0:1%1, /127.0.0.1]]
16:47:47.002 [DEBUG] [org.gradle.cache.internal.DefaultFileLockManager] Waiting to acquire exclusive lock on daemon addresses registry.
16:47:47.002 [DEBUG] [org.gradle.cache.internal.DefaultFileLockManager] Lock acquired.
16:47:47.010 [DEBUG] [org.gradle.cache.internal.DefaultFileLockManager] Releasing lock on daemon addresses registry.
16:47:47.011 [DEBUG] [org.gradle.launcher.daemon.server.DaemonStateCoordinator] updating lastActivityAt to 1393627667010
16:47:47.011 [DEBUG] [org.gradle.launcher.daemon.server.DaemonStateCoordinator] Daemon is busy, sleeping until state changes.
16:47:47.012 [INFO] [org.gradle.launcher.daemon.server.exec.StartBuildOrRespondWithBusy] Daemon is about to start building: Build{id=9880e096-7811-4218-9960-5f677d900e45.1, currentDir=/home/leo}. Dispatching build started information...
16:47:47.013 [DEBUG] [org.gradle.launcher.daemon.server.SynchronizedDispatchConnection] thread 20: dispatching class org.gradle.launcher.daemon.protocol.BuildStarted
16:47:47.023 [DEBUG] [org.gradle.launcher.daemon.server.exec.EstablishBuildEnvironment] Configuring env variables: {MDMSESSION=default, GNOME_KEYRING_CONTROL=/run/user/leo/keyring-TKzya2, SSH_AGENT_PID=1996, LC_TELEPHONE=es_MX.UTF-8, XFILESEARCHPATH=/usr/dt/app-defaults/%L/Dt, SESSION_MANAGER=local/leon:@/tmp/.ICE-unix/1914,unix/leon:/tmp/.ICE-unix/1914, GNOME_DESKTOP_SESSION_ID=this-is-deprecated, LC_NUMERIC=es_MX.UTF-8, LC_NAME=es_MX.UTF-8, XDG_SESSION_COOKIE=85ea98458b81142e84e2e74450c40df3-1393623011.26353-734296513, MANDATORY_PATH=/usr/share/gconf/default.mandatory.path, XDG_DATA_DIRS=/usr/share/default:/usr/share/gnome:/usr/local/share/:/usr/share/:/usr/share/mdm/, PWD=/home/leo, GIO_LAUNCHED_DESKTOP_FILE=/home/leo/.local/share/applications/jetbrains-android-studio.desktop, MDM_XSERVER_LOCATION=local, LOGNAME=leo, LC_PAPER=es_MX.UTF-8, GIO_LAUNCHED_DESKTOP_FILE_PID=2878, LC_IDENTIFICATION=es_MX.UTF-8, GPG_AGENT_INFO=/run/user/leo/keyring-TKzya2/gpg:0:1, GJS_DEBUG_TOPICS=JS ERROR;JS LOG, SSH_AUTH_SOCK=/run/user/leo/keyring-TKzya2/ssh, NLSPATH=/usr/dt/lib/nls/msg/%L/%N.cat, LD_LIBRARY_PATH=/home/leo/Documentos/Android/android-studio/bin:, DBUS_SESSION_BUS_ADDRESS=unix:abstract=/tmp/dbus-ZLhcHYLXF3,guid=a180f4da1111b663c32196db5310ffe3, LC_ADDRESS=es_MX.UTF-8, SHELL=/bin/bash, GNOME_KEYRING_PID=1837, CLASSPATH=/home/leo/Documentos/Android/android-studio/bin/../lib/bootstrap.jar:/home/leo/Documentos/Android/android-studio/bin/../lib/extensions.jar:/home/leo/Documentos/Android/android-studio/bin/../lib/util.jar:/home/leo/Documentos/Android/android-studio/bin/../lib/jdom.jar:/home/leo/Documentos/Android/android-studio/bin/../lib/log4j.jar:/home/leo/Documentos/Android/android-studio/bin/../lib/trove4j.jar:/home/leo/Documentos/Android/android-studio/bin/../lib/jna.jar:/usr/lib/jvm/java-7-oracle/lib/tools.jar, PATH=/usr/local/sbin:/usr/local/bin:/usr/sbin:/usr/bin:/sbin:/bin:/usr/games:/usr/local/games, XDG_CURRENT_DESKTOP=GNOME, XDG_CONFIG_DIRS=/etc/xdg/xdg-default:/etc/xdg, DESKTOP_SESSION=default, DISPLAY=:0, LC_MONETARY=es_MX.UTF-8, USER=leo, GJS_DEBUG_OUTPUT=stderr, HOME=/home/leo, XAUTHORITY=/home/leo/.Xauthority, WINDOWPATH=8, DEFAULTS_PATH=/usr/share/gconf/default.default.path, MDM_LANG=en_US.UTF-8, USERNAME=leo, LC_TIME=es_MX.UTF-8, LC_MEASUREMENT=es_MX.UTF-8, XDG_RUNTIME_DIR=/run/user/leo, LANG=en_US.UTF-8}
16:47:47.027 [INFO] [org.gradle.launcher.daemon.server.exec.LogToClient] About to start relaying all logs to the client via the connection.
16:47:47.028 [INFO] [org.gradle.launcher.daemon.server.exec.LogToClient] The client will now receive all logging from the daemon (pid: 7986). The daemon log file: /home/leo/Documents/beavlion dev /Apps/CircularImageView/gradle/daemon/1.10/daemon-7986.out.log
16:47:47.029 [INFO] [org.gradle.launcher.daemon.server.exec.ExecuteBuild] Executing build with daemon context: DefaultDaemonContext[uid=e65bb8ff-3ec4-45d3-b08f-86a874909cb4,javaHome=/usr/lib/jvm/java-7-oracle,daemonRegistryDir=/home/leo/Documents/beavlion dev /Apps/CircularImageView/gradle/daemon,pid=7986,idleTimeout=60000,daemonOpts=-XX:MaxPermSize=256m,-XX:+HeapDumpOnOutOfMemoryError,-Xmx1024m,-Dfile.encoding=UTF-8]
16:47:47.031 [DEBUG] [org.gradle.launcher.daemon.server.SynchronizedDispatchConnection] thread 36: received class org.gradle.launcher.daemon.protocol.CloseInput
16:47:47.032 [DEBUG] [org.gradle.launcher.daemon.server.DefaultDaemonConnection] Received IO message from client: CloseInput[id=9880e096-7811-4218-9960-5f677d900e45.2]
16:47:47.038 [INFO] [org.gradle.launcher.daemon.server.exec.ForwardClientInput] Closing daemon's stdin at end of input.
16:47:47.039 [INFO] [org.gradle.launcher.daemon.server.exec.ForwardClientInput] The daemon will no longer process any standard input.

FAILURE: Build failed with an exception.

* Where:
Script 'https://raw.github.com/chrisbanes/gradle-mvn-push/master/gradle-mvn-push.gradle' line: 48

* What went wrong:
A problem occurred configuring root project 'CircularImageView'.
> No such property: GROUP for class: org.gradle.api.publication.maven.internal.ant.DefaultGroovyMavenDeployer

* Try:
Run with --stacktrace option to get the stack trace. Run with --info or --debug option to get more log output.

BUILD FAILED

Total time: 0.654 secs
16:47:47.594 [DEBUG] [org.gradle.launcher.daemon.server.exec.ExecuteBuild] The daemon has finished executing the build.
16:47:47.596 [DEBUG] [org.gradle.launcher.daemon.server.exec.ReturnResult] Daemon is dispatching the build result: DaemonCommandResult[type=CommandFailure, value=org.gradle.launcher.exec.ReportedException: org.gradle.internal.exceptions.LocationAwareException: Script 'https://raw.github.com/chrisbanes/gradle-mvn-push/master/gradle-mvn-push.gradle' line: 48
A problem occurred configuring root project 'CircularImageView'.]
16:47:47.596 [DEBUG] [org.gradle.launcher.daemon.server.SynchronizedDispatchConnection] thread 20: dispatching class org.gradle.launcher.daemon.protocol.CommandFailure
16:47:47.606 [DEBUG] [org.gradle.launcher.daemon.server.DaemonStateCoordinator] onFinishCommand() called while execution = DaemonCommandExecution[command = Build{id=9880e096-7811-4218-9960-5f677d900e45.1, currentDir=/home/leo}, connection = org.gradle.launcher.daemon.server.DefaultDaemonConnection@9f750]
16:47:47.607 [DEBUG] [org.gradle.launcher.daemon.server.DaemonStateCoordinator] updating lastActivityAt to 1393627667607
16:47:47.608 [INFO] [org.gradle.launcher.daemon.server.DomainRegistryUpdater] Marking the daemon as idle, address: [e86a9978-f144-420c-8c9b-17ff53a8a92c port:47534, addresses:[/0:0:0:0:0:0:0:1%1, /127.0.0.1]]
16:47:47.608 [DEBUG] [org.gradle.launcher.daemon.registry.PersistentDaemonRegistry] Marking idle by address: [e86a9978-f144-420c-8c9b-17ff53a8a92c port:47534, addresses:[/0:0:0:0:0:0:0:1%1, /127.0.0.1]]
16:47:47.610 [DEBUG] [org.gradle.cache.internal.DefaultFileLockManager] Waiting to acquire exclusive lock on daemon addresses registry.
16:47:47.611 [DEBUG] [org.gradle.cache.internal.DefaultFileLockManager] Lock acquired.
16:47:47.616 [DEBUG] [org.gradle.cache.internal.DefaultFileLockManager] Releasing lock on daemon addresses registry.
16:47:47.617 [DEBUG] [org.gradle.launcher.daemon.server.DaemonStateCoordinator] Daemon is idle, sleeping until state change or idle timeout at Fri Feb 28 16:48:47 CST 2014
16:47:47.618 [DEBUG] [org.gradle.launcher.daemon.server.DefaultIncomingConnectionHandler] Finishing executing command: Build{id=9880e096-7811-4218-9960-5f677d900e45.1, currentDir=/home/leo}
16:47:47.627 [DEBUG] [org.gradle.launcher.daemon.server.SynchronizedDispatchConnection] thread 36: received class org.gradle.launcher.daemon.protocol.Finished
16:47:47.628 [DEBUG] [org.gradle.launcher.daemon.server.DefaultDaemonConnection] Received non-IO message from client: org.gradle.launcher.daemon.protocol.Finished@a5a2eb
16:47:47.629 [DEBUG] [org.gradle.launcher.daemon.server.SynchronizedDispatchConnection] thread 36: received null
16:47:47.630 [DEBUG] [org.gradle.launcher.daemon.server.DefaultDaemonConnection] Received end-of-input from client.
16:47:47.631 [DEBUG] [org.gradle.launcher.daemon.server.DefaultIncomingConnectionHandler] Received finished message: null
16:47:47.632 [DEBUG] [org.gradle.launcher.daemon.server.SynchronizedDispatchConnection] thread 20: stopping connection
16:47:47.635 [DEBUG] [org.gradle.launcher.daemon.server.SynchronizedDispatchConnection] thread 20: stopping connection
16:48:03.250 [DEBUG] [org.gradle.messaging.remote.internal.inet.TcpIncomingConnector] Accepted connection from /127.0.0.1:45577 to /127.0.0.1:47534.
16:48:03.280 [DEBUG] [org.gradle.launcher.daemon.server.SynchronizedDispatchConnection] thread 38: received class org.gradle.launcher.daemon.protocol.Build
16:48:03.281 [DEBUG] [org.gradle.launcher.daemon.server.DefaultDaemonConnection] Received non-IO message from client: Build{id=2b330442-49ed-4ffa-aed3-9e5fd3227c49.1, currentDir=/home/leo}
16:48:03.282 [INFO] [org.gradle.launcher.daemon.server.DefaultIncomingConnectionHandler] Received command: Build{id=2b330442-49ed-4ffa-aed3-9e5fd3227c49.1, currentDir=/home/leo}.
16:48:03.282 [DEBUG] [org.gradle.launcher.daemon.server.DefaultIncomingConnectionHandler] Starting executing command: Build{id=2b330442-49ed-4ffa-aed3-9e5fd3227c49.1, currentDir=/home/leo} with connection: socket connection at /127.0.0.1:47534 with /127.0.0.1:45577.
16:48:03.283 [DEBUG] [org.gradle.launcher.daemon.server.DaemonStateCoordinator] onStartCommand(DaemonCommandExecution[command = Build{id=2b330442-49ed-4ffa-aed3-9e5fd3227c49.1, currentDir=/home/leo}, connection = org.gradle.launcher.daemon.server.DefaultDaemonConnection@3f52fd]) called after 0.0 minutes of idle
16:48:03.284 [INFO] [org.gradle.launcher.daemon.server.DomainRegistryUpdater] Marking the daemon as busy, address: [e86a9978-f144-420c-8c9b-17ff53a8a92c port:47534, addresses:[/0:0:0:0:0:0:0:1%1, /127.0.0.1]]
16:48:03.284 [DEBUG] [org.gradle.launcher.daemon.registry.PersistentDaemonRegistry] Marking busy by address: [e86a9978-f144-420c-8c9b-17ff53a8a92c port:47534, addresses:[/0:0:0:0:0:0:0:1%1, /127.0.0.1]]
16:48:03.285 [DEBUG] [org.gradle.cache.internal.DefaultFileLockManager] Waiting to acquire exclusive lock on daemon addresses registry.
16:48:03.286 [DEBUG] [org.gradle.cache.internal.DefaultFileLockManager] Lock acquired.
16:48:03.291 [DEBUG] [org.gradle.cache.internal.DefaultFileLockManager] Releasing lock on daemon addresses registry.
16:48:03.292 [DEBUG] [org.gradle.launcher.daemon.server.DaemonStateCoordinator] updating lastActivityAt to 1393627683292
16:48:03.293 [DEBUG] [org.gradle.launcher.daemon.server.DaemonStateCoordinator] Daemon is busy, sleeping until state changes.
16:48:03.293 [INFO] [org.gradle.launcher.daemon.server.exec.StartBuildOrRespondWithBusy] Daemon is about to start building: Build{id=2b330442-49ed-4ffa-aed3-9e5fd3227c49.1, currentDir=/home/leo}. Dispatching build started information...
16:48:03.294 [DEBUG] [org.gradle.launcher.daemon.server.SynchronizedDispatchConnection] thread 20: dispatching class org.gradle.launcher.daemon.protocol.BuildStarted
16:48:03.296 [DEBUG] [org.gradle.launcher.daemon.server.exec.EstablishBuildEnvironment] Configuring env variables: {MDMSESSION=default, GNOME_KEYRING_CONTROL=/run/user/leo/keyring-TKzya2, SSH_AGENT_PID=1996, LC_TELEPHONE=es_MX.UTF-8, XFILESEARCHPATH=/usr/dt/app-defaults/%L/Dt, SESSION_MANAGER=local/leon:@/tmp/.ICE-unix/1914,unix/leon:/tmp/.ICE-unix/1914, GNOME_DESKTOP_SESSION_ID=this-is-deprecated, LC_NUMERIC=es_MX.UTF-8, LC_NAME=es_MX.UTF-8, XDG_SESSION_COOKIE=85ea98458b81142e84e2e74450c40df3-1393623011.26353-734296513, MANDATORY_PATH=/usr/share/gconf/default.mandatory.path, XDG_DATA_DIRS=/usr/share/default:/usr/share/gnome:/usr/local/share/:/usr/share/:/usr/share/mdm/, PWD=/home/leo, GIO_LAUNCHED_DESKTOP_FILE=/home/leo/.local/share/applications/jetbrains-android-studio.desktop, MDM_XSERVER_LOCATION=local, LOGNAME=leo, LC_PAPER=es_MX.UTF-8, GIO_LAUNCHED_DESKTOP_FILE_PID=2878, LC_IDENTIFICATION=es_MX.UTF-8, GPG_AGENT_INFO=/run/user/leo/keyring-TKzya2/gpg:0:1, GJS_DEBUG_TOPICS=JS ERROR;JS LOG, SSH_AUTH_SOCK=/run/user/leo/keyring-TKzya2/ssh, NLSPATH=/usr/dt/lib/nls/msg/%L/%N.cat, LD_LIBRARY_PATH=/home/leo/Documentos/Android/android-studio/bin:, DBUS_SESSION_BUS_ADDRESS=unix:abstract=/tmp/dbus-ZLhcHYLXF3,guid=a180f4da1111b663c32196db5310ffe3, LC_ADDRESS=es_MX.UTF-8, SHELL=/bin/bash, GNOME_KEYRING_PID=1837, CLASSPATH=/home/leo/Documentos/Android/android-studio/bin/../lib/bootstrap.jar:/home/leo/Documentos/Android/android-studio/bin/../lib/extensions.jar:/home/leo/Documentos/Android/android-studio/bin/../lib/util.jar:/home/leo/Documentos/Android/android-studio/bin/../lib/jdom.jar:/home/leo/Documentos/Android/android-studio/bin/../lib/log4j.jar:/home/leo/Documentos/Android/android-studio/bin/../lib/trove4j.jar:/home/leo/Documentos/Android/android-studio/bin/../lib/jna.jar:/usr/lib/jvm/java-7-oracle/lib/tools.jar, PATH=/usr/local/sbin:/usr/local/bin:/usr/sbin:/usr/bin:/sbin:/bin:/usr/games:/usr/local/games, XDG_CURRENT_DESKTOP=GNOME, XDG_CONFIG_DIRS=/etc/xdg/xdg-default:/etc/xdg, DESKTOP_SESSION=default, DISPLAY=:0, LC_MONETARY=es_MX.UTF-8, USER=leo, GJS_DEBUG_OUTPUT=stderr, HOME=/home/leo, XAUTHORITY=/home/leo/.Xauthority, WINDOWPATH=8, DEFAULTS_PATH=/usr/share/gconf/default.default.path, MDM_LANG=en_US.UTF-8, USERNAME=leo, LC_TIME=es_MX.UTF-8, LC_MEASUREMENT=es_MX.UTF-8, XDG_RUNTIME_DIR=/run/user/leo, LANG=en_US.UTF-8}
16:48:03.298 [INFO] [org.gradle.launcher.daemon.server.exec.LogToClient] About to start relaying all logs to the client via the connection.
16:48:03.298 [INFO] [org.gradle.launcher.daemon.server.exec.LogToClient] The client will now receive all logging from the daemon (pid: 7986). The daemon log file: /home/leo/Documents/beavlion dev /Apps/CircularImageView/gradle/daemon/1.10/daemon-7986.out.log
16:48:03.301 [INFO] [org.gradle.launcher.daemon.server.exec.ExecuteBuild] Executing build with daemon context: DefaultDaemonContext[uid=e65bb8ff-3ec4-45d3-b08f-86a874909cb4,javaHome=/usr/lib/jvm/java-7-oracle,daemonRegistryDir=/home/leo/Documents/beavlion dev /Apps/CircularImageView/gradle/daemon,pid=7986,idleTimeout=60000,daemonOpts=-XX:MaxPermSize=256m,-XX:+HeapDumpOnOutOfMemoryError,-Xmx1024m,-Dfile.encoding=UTF-8]
16:48:03.303 [DEBUG] [org.gradle.launcher.daemon.server.SynchronizedDispatchConnection] thread 38: received class org.gradle.launcher.daemon.protocol.CloseInput
16:48:03.303 [DEBUG] [org.gradle.launcher.daemon.server.DefaultDaemonConnection] Received IO message from client: CloseInput[id=2b330442-49ed-4ffa-aed3-9e5fd3227c49.2]
16:48:03.307 [INFO] [org.gradle.launcher.daemon.server.exec.ForwardClientInput] Closing daemon's stdin at end of input.
16:48:03.307 [INFO] [org.gradle.launcher.daemon.server.exec.ForwardClientInput] The daemon will no longer process any standard input.

FAILURE: Build failed with an exception.

* Where:
Script 'https://raw.github.com/chrisbanes/gradle-mvn-push/master/gradle-mvn-push.gradle' line: 48

* What went wrong:
A problem occurred configuring root project 'CircularImageView'.
> No such property: GROUP for class: org.gradle.api.publication.maven.internal.ant.DefaultGroovyMavenDeployer

* Try:
Run with --stacktrace option to get the stack trace. Run with --info or --debug option to get more log output.

BUILD FAILED

Total time: 5.569 secs
16:48:08.784 [DEBUG] [org.gradle.launcher.daemon.server.exec.ExecuteBuild] The daemon has finished executing the build.
16:48:08.785 [DEBUG] [org.gradle.launcher.daemon.server.exec.ReturnResult] Daemon is dispatching the build result: DaemonCommandResult[type=CommandFailure, value=org.gradle.launcher.exec.ReportedException: org.gradle.internal.exceptions.LocationAwareException: Script 'https://raw.github.com/chrisbanes/gradle-mvn-push/master/gradle-mvn-push.gradle' line: 48
A problem occurred configuring root project 'CircularImageView'.]
16:48:08.786 [DEBUG] [org.gradle.launcher.daemon.server.SynchronizedDispatchConnection] thread 20: dispatching class org.gradle.launcher.daemon.protocol.CommandFailure
16:48:08.800 [DEBUG] [org.gradle.launcher.daemon.server.DaemonStateCoordinator] onFinishCommand() called while execution = DaemonCommandExecution[command = Build{id=2b330442-49ed-4ffa-aed3-9e5fd3227c49.1, currentDir=/home/leo}, connection = org.gradle.launcher.daemon.server.DefaultDaemonConnection@3f52fd]
16:48:08.801 [DEBUG] [org.gradle.launcher.daemon.server.DaemonStateCoordinator] updating lastActivityAt to 1393627688801
16:48:08.806 [INFO] [org.gradle.launcher.daemon.server.DomainRegistryUpdater] Marking the daemon as idle, address: [e86a9978-f144-420c-8c9b-17ff53a8a92c port:47534, addresses:[/0:0:0:0:0:0:0:1%1, /127.0.0.1]]
16:48:08.807 [DEBUG] [org.gradle.launcher.daemon.registry.PersistentDaemonRegistry] Marking idle by address: [e86a9978-f144-420c-8c9b-17ff53a8a92c port:47534, addresses:[/0:0:0:0:0:0:0:1%1, /127.0.0.1]]
16:48:08.810 [DEBUG] [org.gradle.cache.internal.DefaultFileLockManager] Waiting to acquire exclusive lock on daemon addresses registry.
16:48:08.814 [DEBUG] [org.gradle.cache.internal.DefaultFileLockManager] Lock acquired.
16:48:08.830 [DEBUG] [org.gradle.cache.internal.DefaultFileLockManager] Releasing lock on daemon addresses registry.
16:48:08.831 [DEBUG] [org.gradle.launcher.daemon.server.DaemonStateCoordinator] Daemon is idle, sleeping until state change or idle timeout at Fri Feb 28 16:49:08 CST 2014
16:48:08.831 [DEBUG] [org.gradle.launcher.daemon.server.DefaultIncomingConnectionHandler] Finishing executing command: Build{id=2b330442-49ed-4ffa-aed3-9e5fd3227c49.1, currentDir=/home/leo}
16:48:08.849 [DEBUG] [org.gradle.launcher.daemon.server.SynchronizedDispatchConnection] thread 38: received class org.gradle.launcher.daemon.protocol.Finished
16:48:08.850 [DEBUG] [org.gradle.launcher.daemon.server.DefaultDaemonConnection] Received non-IO message from client: org.gradle.launcher.daemon.protocol.Finished@ab193e
16:48:08.851 [DEBUG] [org.gradle.launcher.daemon.server.DefaultIncomingConnectionHandler] Received finished message: org.gradle.launcher.daemon.protocol.Finished@ab193e
16:48:08.851 [DEBUG] [org.gradle.launcher.daemon.server.SynchronizedDispatchConnection] thread 20: stopping connection
16:48:08.851 [DEBUG] [org.gradle.launcher.daemon.server.SynchronizedDispatchConnection] thread 38: received null
16:48:08.854 [DEBUG] [org.gradle.launcher.daemon.server.DefaultDaemonConnection] Received end-of-input from client.
16:48:08.855 [DEBUG] [org.gradle.launcher.daemon.server.SynchronizedDispatchConnection] thread 20: stopping connection
16:49:08.802 [DEBUG] [org.gradle.launcher.daemon.server.DaemonStateCoordinator] Daemon has been idle for requested period.
16:49:08.802 [DEBUG] [org.gradle.launcher.daemon.server.DaemonStateCoordinator] Stop requested. The daemon is running a build: false
16:49:08.803 [INFO] [org.gradle.launcher.daemon.bootstrap.DaemonMain] Daemon hit idle timeout (60000ms), stopping...
16:49:08.803 [DEBUG] [org.gradle.launcher.daemon.server.Daemon] stop() called on daemon
16:49:08.804 [INFO] [org.gradle.launcher.daemon.server.Daemon] Stop requested. Daemon is removing its presence from the registry...
16:49:08.805 [DEBUG] [org.gradle.launcher.daemon.server.DaemonStateCoordinator] Stop requested. The daemon is running a build: false
16:49:08.805 [DEBUG] [org.gradle.launcher.daemon.server.DomainRegistryUpdater] Removing our presence to clients, eg. removing this address from the registry: [e86a9978-f144-420c-8c9b-17ff53a8a92c port:47534, addresses:[/0:0:0:0:0:0:0:1%1, /127.0.0.1]]
16:49:08.806 [DEBUG] [org.gradle.launcher.daemon.registry.PersistentDaemonRegistry] Removing daemon address: [e86a9978-f144-420c-8c9b-17ff53a8a92c port:47534, addresses:[/0:0:0:0:0:0:0:1%1, /127.0.0.1]]
16:49:08.807 [DEBUG] [org.gradle.cache.internal.DefaultFileLockManager] Waiting to acquire exclusive lock on daemon addresses registry.
16:49:08.808 [DEBUG] [org.gradle.cache.internal.DefaultFileLockManager] Lock acquired.
16:49:08.811 [DEBUG] [org.gradle.cache.internal.DefaultFileLockManager] Releasing lock on daemon addresses registry.
16:49:08.812 [DEBUG] [org.gradle.launcher.daemon.server.DomainRegistryUpdater] Address removed from registry.
16:49:08.815 [DEBUG] [org.gradle.launcher.daemon.registry.PersistentDaemonRegistry] Removing daemon address: [e86a9978-f144-420c-8c9b-17ff53a8a92c port:47534, addresses:[/0:0:0:0:0:0:0:1%1, /127.0.0.1]]
16:49:08.816 [DEBUG] [org.gradle.cache.internal.DefaultFileLockManager] Waiting to acquire exclusive lock on daemon addresses registry.
16:49:08.816 [DEBUG] [org.gradle.cache.internal.DefaultFileLockManager] Lock acquired.
16:49:08.818 [DEBUG] [org.gradle.cache.internal.DefaultFileLockManager] Releasing lock on daemon addresses registry.
16:49:08.819 [INFO] [org.gradle.launcher.daemon.bootstrap.DaemonMain] Daemon[pid = 7986] process has finished.
Daemon vm is shutting down... The daemon has exited normally or was terminated in response to a user interrupt.
